Determining if the pthread_create exist failed with the following output:
Change Dir: /home/mibeebe/ct/circustent_cuda/build/CMakeFiles/CMakeTmp

Run Build Command:"/usr/bin/gmake" "cmTC_a5e18/fast"
/usr/bin/gmake -f CMakeFiles/cmTC_a5e18.dir/build.make CMakeFiles/cmTC_a5e18.dir/build
gmake[1]: Entering directory '/home/mibeebe/ct/circustent_cuda/build/CMakeFiles/CMakeTmp'
Building C object CMakeFiles/cmTC_a5e18.dir/CheckSymbolExists.c.o
/usr/bin/cc   -fPIC    -o CMakeFiles/cmTC_a5e18.dir/CheckSymbolExists.c.o   -c /home/mibeebe/ct/circustent_cuda/build/CMakeFiles/CMakeTmp/CheckSymbolExists.c
Linking C executable cmTC_a5e18
/usr/bin/cmake -E cmake_link_script CMakeFiles/cmTC_a5e18.dir/link.txt --verbose=1
/usr/bin/cc -fPIC     CMakeFiles/cmTC_a5e18.dir/CheckSymbolExists.c.o  -o cmTC_a5e18 
CMakeFiles/cmTC_a5e18.dir/CheckSymbolExists.c.o: In function `main':
CheckSymbolExists.c:(.text+0x1b): undefined reference to `pthread_create'
collect2: error: ld returned 1 exit status
gmake[1]: *** [CMakeFiles/cmTC_a5e18.dir/build.make:87: cmTC_a5e18] Error 1
gmake[1]: Leaving directory '/home/mibeebe/ct/circustent_cuda/build/CMakeFiles/CMakeTmp'
gmake: *** [Makefile:126: cmTC_a5e18/fast] Error 2

File /home/mibeebe/ct/circustent_cuda/build/CMakeFiles/CMakeTmp/CheckSymbolExists.c:
/* */
#include <pthread.h>

int main(int argc, char** argv)
{
  (void)argv;
#ifndef pthread_create
  return ((int*)(&pthread_create))[argc];
#else
  (void)argc;
  return 0;
#endif
}

Determining if the function pthread_create exists in the pthreads failed with the following output:
Change Dir: /home/mibeebe/ct/circustent_cuda/build/CMakeFiles/CMakeTmp

Run Build Command:"/usr/bin/gmake" "cmTC_0708a/fast"
/usr/bin/gmake -f CMakeFiles/cmTC_0708a.dir/build.make CMakeFiles/cmTC_0708a.dir/build
gmake[1]: Entering directory '/home/mibeebe/ct/circustent_cuda/build/CMakeFiles/CMakeTmp'
Building C object CMakeFiles/cmTC_0708a.dir/CheckFunctionExists.c.o
/usr/bin/cc   -fPIC -DCHECK_FUNCTION_EXISTS=pthread_create   -o CMakeFiles/cmTC_0708a.dir/CheckFunctionExists.c.o   -c /usr/share/cmake/Modules/CheckFunctionExists.c
Linking C executable cmTC_0708a
/usr/bin/cmake -E cmake_link_script CMakeFiles/cmTC_0708a.dir/link.txt --verbose=1
/usr/bin/cc -fPIC -DCHECK_FUNCTION_EXISTS=pthread_create    CMakeFiles/cmTC_0708a.dir/CheckFunctionExists.c.o  -o cmTC_0708a -lpthreads 
/usr/bin/ld: cannot find -lpthreads
collect2: error: ld returned 1 exit status
gmake[1]: *** [CMakeFiles/cmTC_0708a.dir/build.make:87: cmTC_0708a] Error 1
gmake[1]: Leaving directory '/home/mibeebe/ct/circustent_cuda/build/CMakeFiles/CMakeTmp'
gmake: *** [Makefile:126: cmTC_0708a/fast] Error 2


