The system is: Linux - 4.18.0-147.8.1.el8_1.x86_64 - x86_64
Compiling the C compiler identification source file "CMakeCCompilerId.c" succeeded.
Compiler: /opt/apps/nfs/spack/opt/spack/linux-centos8-zen2/gcc-9.3.0/nvhpc-21.3-rjjnyvxif3czjq4groncoluqbhjt6g2u/Linux_x86_64/21.3/compilers/bin/nvc 
Build flags: 
Id flags:  

The output was:
0


Compilation of the C compiler identification source "CMakeCCompilerId.c" produced "a.out"

The C compiler identification is PGI, found in "/home/mibeebe/ct/circustent_journal_performance_eval/build/CMakeFiles/3.17.3/CompilerIdC/a.out"

Compiling the CXX compiler identification source file "CMakeCXXCompilerId.cpp" succeeded.
Compiler: /opt/apps/nfs/spack/opt/spack/linux-centos8-zen2/gcc-9.3.0/nvhpc-21.3-rjjnyvxif3czjq4groncoluqbhjt6g2u/Linux_x86_64/21.3/compilers/bin/nvc++ 
Build flags: -mp=gpu;-Minfo=mp;-gpu=cc80
Id flags:  

The output was:
0


Compilation of the CXX compiler identification source "CMakeCXXCompilerId.cpp" produced "a.out"

The CXX compiler identification is PGI, found in "/home/mibeebe/ct/circustent_journal_performance_eval/build/CMakeFiles/3.17.3/CompilerIdCXX/a.out"

Determining if the C compiler works passed with the following output:
Change Dir: /home/mibeebe/ct/circustent_journal_performance_eval/build/CMakeFiles/CMakeTmp

Run Build Command(s):/usr/bin/gmake cmTC_b7cf8/fast && /usr/bin/gmake  -f CMakeFiles/cmTC_b7cf8.dir/build.make CMakeFiles/cmTC_b7cf8.dir/build
gmake[1]: Entering directory '/home/mibeebe/ct/circustent_journal_performance_eval/build/CMakeFiles/CMakeTmp'
Building C object CMakeFiles/cmTC_b7cf8.dir/testCCompiler.c.o
/opt/apps/nfs/spack/opt/spack/linux-centos8-zen2/gcc-9.3.0/nvhpc-21.3-rjjnyvxif3czjq4groncoluqbhjt6g2u/Linux_x86_64/21.3/compilers/bin/nvc    -o CMakeFiles/cmTC_b7cf8.dir/testCCompiler.c.o   -c /home/mibeebe/ct/circustent_journal_performance_eval/build/CMakeFiles/CMakeTmp/testCCompiler.c
Linking C executable cmTC_b7cf8
/opt/apps/nfs/spack/opt/spack/linux-centos8-zen2/gcc-9.3.0/cmake-3.17.3-6oxbiqlh3iqc4dn77nufq56pdrsoqa3j/bin/cmake -E cmake_link_script CMakeFiles/cmTC_b7cf8.dir/link.txt --verbose=1
/opt/apps/nfs/spack/opt/spack/linux-centos8-zen2/gcc-9.3.0/nvhpc-21.3-rjjnyvxif3czjq4groncoluqbhjt6g2u/Linux_x86_64/21.3/compilers/bin/nvc    -mp=gpu -gpu=cc80  CMakeFiles/cmTC_b7cf8.dir/testCCompiler.c.o  -o cmTC_b7cf8 
gmake[1]: Leaving directory '/home/mibeebe/ct/circustent_journal_performance_eval/build/CMakeFiles/CMakeTmp'



Detecting C compiler ABI info compiled with the following output:
Change Dir: /home/mibeebe/ct/circustent_journal_performance_eval/build/CMakeFiles/CMakeTmp

Run Build Command(s):/usr/bin/gmake cmTC_f72c3/fast && /usr/bin/gmake  -f CMakeFiles/cmTC_f72c3.dir/build.make CMakeFiles/cmTC_f72c3.dir/build
gmake[1]: Entering directory '/home/mibeebe/ct/circustent_journal_performance_eval/build/CMakeFiles/CMakeTmp'
Building C object CMakeFiles/cmTC_f72c3.dir/CMakeCCompilerABI.c.o
/opt/apps/nfs/spack/opt/spack/linux-centos8-zen2/gcc-9.3.0/nvhpc-21.3-rjjnyvxif3czjq4groncoluqbhjt6g2u/Linux_x86_64/21.3/compilers/bin/nvc   -v -o CMakeFiles/cmTC_f72c3.dir/CMakeCCompilerABI.c.o   -c /opt/apps/nfs/spack/opt/spack/linux-centos8-zen2/gcc-9.3.0/cmake-3.17.3-6oxbiqlh3iqc4dn77nufq56pdrsoqa3j/share/cmake-3.17/Modules/CMakeCCompilerABI.c
Export PGI_CURR_CUDA_HOME=/opt/apps/nfs/spack/opt/spack/linux-centos8-zen2/gcc-9.3.0/nvhpc-21.3-rjjnyvxif3czjq4groncoluqbhjt6g2u/Linux_x86_64/21.3/cuda/
Export NVCOMPILER=/opt/apps/nfs/spack/opt/spack/linux-centos8-zen2/gcc-9.3.0/nvhpc-21.3-rjjnyvxif3czjq4groncoluqbhjt6g2u/Linux_x86_64/21.3
Export PGI=/opt/apps/nfs/spack/opt/spack/linux-centos8-zen2/gcc-9.3.0/nvhpc-21.3-rjjnyvxif3czjq4groncoluqbhjt6g2u

/opt/apps/nfs/spack/opt/spack/linux-centos8-zen2/gcc-9.3.0/nvhpc-21.3-rjjnyvxif3czjq4groncoluqbhjt6g2u/Linux_x86_64/21.3/compilers/bin/tools/cpp1 --llalign -Dunix -D__unix -D__unix__ -Dlinux -D__linux -D__linux__ -D__NO_MATH_INLINES -D__LP64__ -D__x86_64 -D__x86_64__ -D__LONG_MAX__=9223372036854775807L '-D__SIZE_TYPE__=unsigned long int' '-D__PTRDIFF_TYPE__=long int' -D__amd64 -D__amd64__ -D__k8 -D__k8__ -D__MMX__ -D__SSE__ -D__SSE2__ -D__SSE3__ -D__SSSE3__ -D__SSE4A__ -D__ABM__ -D__SSE4_2__ -D__AVX__ -D__AVX2__ -D__FMA__ -D__XSAVE__ -D__POPCNT__ -D__FXSR__ -D__PGI -D__NVCOMPILER -D_PGCG_SOURCE --c -I- -I/opt/apps/nfs/spack/opt/spack/linux-centos8-zen2/gcc-9.3.0/nvhpc-21.3-rjjnyvxif3czjq4groncoluqbhjt6g2u/Linux_x86_64/21.3/compilers/include-gcc70 -I/opt/apps/nfs/spack/opt/spack/linux-centos8-zen2/gcc-9.3.0/nvhpc-21.3-rjjnyvxif3czjq4groncoluqbhjt6g2u/Linux_x86_64/21.3/compilers/include -I/opt/apps/nfs/spack/opt/spack/linux-centos8-zen2/gcc-9.3.0/nvhpc-21.3-rjjnyvxif3czjq4groncoluqbhjt6g2u/Linux_x86_64/21.3/compilers/include-gcc70 -I/opt/apps/nfs/spack/opt/spack/linux-centos8-zen2/gcc-9.3.0/nvhpc-21.3-rjjnyvxif3czjq4groncoluqbhjt6g2u/Linux_x86_64/21.3/compilers/include -I/usr/lib/gcc/x86_64-redhat-linux/8/include -I/usr/local/include -I/usr/include -D__PGLLVM__ -D__NVCOMPILER_LLVM__ -D__extension__= --preinclude _cplus_preinclude.h --preinclude_macros _cplus_macros.h --gnu_version=80301 -D__pgnu_vsn=80301 -q -o /tmp/nvcwendcYzJ5rSl.il /opt/apps/nfs/spack/opt/spack/linux-centos8-zen2/gcc-9.3.0/cmake-3.17.3-6oxbiqlh3iqc4dn77nufq56pdrsoqa3j/share/cmake-3.17/Modules/CMakeCCompilerABI.c

/opt/apps/nfs/spack/opt/spack/linux-centos8-zen2/gcc-9.3.0/nvhpc-21.3-rjjnyvxif3czjq4groncoluqbhjt6g2u/Linux_x86_64/21.3/compilers/bin/tools/cpp2 /opt/apps/nfs/spack/opt/spack/linux-centos8-zen2/gcc-9.3.0/cmake-3.17.3-6oxbiqlh3iqc4dn77nufq56pdrsoqa3j/share/cmake-3.17/Modules/CMakeCCompilerABI.c -opt 1 -x 119 0xa10000 -x 122 0x40 -x 123 0x1000 -x 127 4 -x 127 17 -x 19 0x400000 -x 28 0x40000 -x 120 0x10000000 -x 70 0x8000 -x 122 1 -x 125 0x20000 -quad -x 59 4 -tp zen -x 120 0x1000 -astype 0 -x 121 1 -fn /opt/apps/nfs/spack/opt/spack/linux-centos8-zen2/gcc-9.3.0/cmake-3.17.3-6oxbiqlh3iqc4dn77nufq56pdrsoqa3j/share/cmake-3.17/Modules/CMakeCCompilerABI.c -il /tmp/nvcwendcYzJ5rSl.il -x 123 0x80000000 -x 123 4 -x 2 0x400 -x 119 0x20 -def __pgnu_vsn=80301 -x 70 0x40000000 -x 183 4 -x 121 0x800 -x 6 0x20000 -x 122 0x400000 -y 125 0x100000 -x 249 110 -x 120 0x200000 -x 70 0x40000000 -x 8 0x40000000 -x 164 0x800000 -x 85 0x2000 -x 85 0x4000 -x 34 0x40000000 -x 53 0x800000 -x 68 0x1 -x 39 4 -x 56 0x10 -x 26 0x10 -x 26 1 -x 56 0x4000 -y 163 0xc0000000 -x 189 0x10 -y 189 0x4000000 -gnuvsn 80301 -x 69 0x200 -x 123 0x400 -cmdline '+nvc /tmp/nvcwendcYzJ5rSl.il -v -o CMakeFiles/cmTC_f72c3.dir/CMakeCCompilerABI.c.o -c' -asm /tmp/nvc2endIuOP8cAe.ll
NVC++/x86-64 Linux 21.3-0: compilation successful

/opt/apps/nfs/spack/opt/spack/linux-centos8-zen2/gcc-9.3.0/nvhpc-21.3-rjjnyvxif3czjq4groncoluqbhjt6g2u/Linux_x86_64/21.3/compilers/share/llvm/bin/llc /tmp/nvc2endIuOP8cAe.ll -march=x86-64 -mcpu=native -O1 -fast-isel=0 -non-global-value-max-name-size=4294967295 -x86-cmov-converter=0 --frame-pointer=none -o /tmp/nvcMendY4QParIi.s

/usr/bin/as /tmp/nvcMendY4QParIi.s -o CMakeFiles/cmTC_f72c3.dir/CMakeCCompilerABI.c.o
Unlinking /tmp/nvcwendcYzJ5rSl.il
Unlinking /tmp/nvcgendscObugzO.s
Unlinking /tmp/nvc2endIuOP8cAe.ll
Unlinking /tmp/nvcMendY4QParIi.s
Unlinking /tmp/nvcwendc-bcZgN3.llvm
Linking C executable cmTC_f72c3
/opt/apps/nfs/spack/opt/spack/linux-centos8-zen2/gcc-9.3.0/cmake-3.17.3-6oxbiqlh3iqc4dn77nufq56pdrsoqa3j/bin/cmake -E cmake_link_script CMakeFiles/cmTC_f72c3.dir/link.txt --verbose=1
/opt/apps/nfs/spack/opt/spack/linux-centos8-zen2/gcc-9.3.0/nvhpc-21.3-rjjnyvxif3czjq4groncoluqbhjt6g2u/Linux_x86_64/21.3/compilers/bin/nvc    -mp=gpu -gpu=cc80 -v CMakeFiles/cmTC_f72c3.dir/CMakeCCompilerABI.c.o  -o cmTC_f72c3 
Export PGI_CURR_CUDA_HOME=/opt/apps/nfs/spack/opt/spack/linux-centos8-zen2/gcc-9.3.0/nvhpc-21.3-rjjnyvxif3czjq4groncoluqbhjt6g2u/Linux_x86_64/21.3/cuda/11.2
Export NVCOMPILER=/opt/apps/nfs/spack/opt/spack/linux-centos8-zen2/gcc-9.3.0/nvhpc-21.3-rjjnyvxif3czjq4groncoluqbhjt6g2u/Linux_x86_64/21.3
Export PGI=/opt/apps/nfs/spack/opt/spack/linux-centos8-zen2/gcc-9.3.0/nvhpc-21.3-rjjnyvxif3czjq4groncoluqbhjt6g2u

/opt/apps/nfs/spack/opt/spack/linux-centos8-zen2/gcc-9.3.0/nvhpc-21.3-rjjnyvxif3czjq4groncoluqbhjt6g2u/Linux_x86_64/21.3/compilers/bin/tools/acclnk -nvidia /opt/apps/nfs/spack/opt/spack/linux-centos8-zen2/gcc-9.3.0/nvhpc-21.3-rjjnyvxif3czjq4groncoluqbhjt6g2u/Linux_x86_64/21.3/compilers/bin/tools/nvdd -cuda11020 -cudaroot /opt/apps/nfs/spack/opt/spack/linux-centos8-zen2/gcc-9.3.0/nvhpc-21.3-rjjnyvxif3czjq4groncoluqbhjt6g2u/Linux_x86_64/21.3/cuda/11.2 -computecap=80 -unifiedmem -init=ctxrel -v /usr/bin/ld /usr/lib64/crt1.o /usr/lib64/crti.o /opt/apps/nfs/spack/opt/spack/linux-centos8-zen2/gcc-9.3.0/nvhpc-21.3-rjjnyvxif3czjq4groncoluqbhjt6g2u/Linux_x86_64/21.3/compilers/lib/trace_init.o /usr/lib/gcc/x86_64-redhat-linux/8/crtbegin.o --eh-frame-hdr -m elf_x86_64 -dynamic-linker /lib64/ld-linux-x86-64.so.2 /opt/apps/nfs/spack/opt/spack/linux-centos8-zen2/gcc-9.3.0/nvhpc-21.3-rjjnyvxif3czjq4groncoluqbhjt6g2u/Linux_x86_64/21.3/compilers/lib/nvhpc.ld -L/opt/apps/nfs/spack/opt/spack/linux-centos8-zen2/gcc-9.3.0/nvhpc-21.3-rjjnyvxif3czjq4groncoluqbhjt6g2u/Linux_x86_64/21.3/compilers/lib -L/opt/apps/nfs/spack/opt/spack/linux-centos8-zen/gcc-8.3.1/gcc-9.3.0-yuektlndiynoevlc7qkmwudsixdokdom/lib64 -L/opt/apps/nfs/spack/opt/spack/linux-centos8-zen/gcc-8.3.1/gcc-9.3.0-yuektlndiynoevlc7qkmwudsixdokdom/lib -L/opt/apps/nfs/spack/opt/spack/linux-centos8-zen2/gcc-9.3.0/nvhpc-21.3-rjjnyvxif3czjq4groncoluqbhjt6g2u/Linux_x86_64/21.3/compilers/lib -L/usr/lib64 -L/usr/lib/gcc/x86_64-redhat-linux/8 CMakeFiles/cmTC_f72c3.dir/CMakeCCompilerABI.c.o -rpath /opt/apps/nfs/spack/opt/spack/linux-centos8-zen2/gcc-9.3.0/nvhpc-21.3-rjjnyvxif3czjq4groncoluqbhjt6g2u/Linux_x86_64/21.3/compilers/lib -rpath /opt/apps/nfs/spack/opt/spack/linux-centos8-zen2/gcc-9.3.0/nvhpc-21.3-rjjnyvxif3czjq4groncoluqbhjt6g2u/Linux_x86_64/21.3/math_libs/11.2/lib64 -rpath /opt/apps/nfs/spack/opt/spack/linux-centos8-zen2/gcc-9.3.0/nvhpc-21.3-rjjnyvxif3czjq4groncoluqbhjt6g2u/Linux_x86_64/21.3/cuda/11.2/lib64 -rpath /usr/lib/gcc/x86_64-redhat-linux/8/../../../../lib64 -o cmTC_f72c3 -L/usr/lib/gcc/x86_64-redhat-linux/8/../../../../lib64 /opt/apps/nfs/spack/opt/spack/linux-centos8-zen2/gcc-9.3.0/nvhpc-21.3-rjjnyvxif3czjq4groncoluqbhjt6g2u/Linux_x86_64/21.3/compilers/lib/acc_init_link_cuda.o /opt/apps/nfs/spack/opt/spack/linux-centos8-zen2/gcc-9.3.0/nvhpc-21.3-rjjnyvxif3czjq4groncoluqbhjt6g2u/Linux_x86_64/21.3/compilers/lib/acc_init_link_mp.o -lacchost -laccdevaux -laccdevice -lhxrt_dev -ldl -lcudadevice -lnvomp -ldl --as-needed -lnvhpcatm -latomic --no-as-needed -lpthread --start-group -lnvcpumath -lnsnvc -lnvc --end-group -lm -lgcc -lc -lgcc -lgcc_s /usr/lib/gcc/x86_64-redhat-linux/8/crtend.o /usr/lib64/crtn.o
/opt/apps/nfs/spack/opt/spack/linux-centos8-zen2/gcc-9.3.0/nvhpc-21.3-rjjnyvxif3czjq4groncoluqbhjt6g2u/Linux_x86_64/21.3/compilers/bin/tools/nvdd -cudaallowundefgbls -dcuda /opt/apps/nfs/spack/opt/spack/linux-centos8-zen2/gcc-9.3.0/nvhpc-21.3-rjjnyvxif3czjq4groncoluqbhjt6g2u/Linux_x86_64/21.3/cuda/11.2 /opt/apps/nfs/spack/opt/spack/linux-centos8-zen2/gcc-9.3.0/nvhpc-21.3-rjjnyvxif3czjq4groncoluqbhjt6g2u/Linux_x86_64/21.3/compilers/lib/trace_init.o -L/opt/apps/nfs/spack/opt/spack/linux-centos8-zen2/gcc-9.3.0/nvhpc-21.3-rjjnyvxif3czjq4groncoluqbhjt6g2u/Linux_x86_64/21.3/compilers/lib -L/opt/apps/nfs/spack/opt/spack/linux-centos8-zen/gcc-8.3.1/gcc-9.3.0-yuektlndiynoevlc7qkmwudsixdokdom/lib64 -L/opt/apps/nfs/spack/opt/spack/linux-centos8-zen/gcc-8.3.1/gcc-9.3.0-yuektlndiynoevlc7qkmwudsixdokdom/lib -L/opt/apps/nfs/spack/opt/spack/linux-centos8-zen2/gcc-9.3.0/nvhpc-21.3-rjjnyvxif3czjq4groncoluqbhjt6g2u/Linux_x86_64/21.3/compilers/lib -L/usr/lib64 -L/usr/lib/gcc/x86_64-redhat-linux/8 CMakeFiles/cmTC_f72c3.dir/CMakeCCompilerABI.c.o -L/usr/lib/gcc/x86_64-redhat-linux/8/../../../../lib64 /opt/apps/nfs/spack/opt/spack/linux-centos8-zen2/gcc-9.3.0/nvhpc-21.3-rjjnyvxif3czjq4groncoluqbhjt6g2u/Linux_x86_64/21.3/compilers/lib/acc_init_link_cuda.o /opt/apps/nfs/spack/opt/spack/linux-centos8-zen2/gcc-9.3.0/nvhpc-21.3-rjjnyvxif3czjq4groncoluqbhjt6g2u/Linux_x86_64/21.3/compilers/lib/acc_init_link_mp.o -lacchost -laccdevaux -laccdevice -lhxrt_dev -ldl -lcudadevice -lnvomp -ldl -lnvhpcatm -latomic -lpthread -lnvcpumath -lnsnvc -lnvc -lm -lgcc -lc -lgcc_s -dolink -cuda11020 -computecap 80 -o /tmp/pgcudacsndgiuMtyC0.cubin
/opt/apps/nfs/spack/opt/spack/linux-centos8-zen2/gcc-9.3.0/nvhpc-21.3-rjjnyvxif3czjq4groncoluqbhjt6g2u/Linux_x86_64/21.3/compilers/bin/tools/nvdd -fatobj /tmp/pgcudafatssnd2i1HSA-Y.o -o /tmp/pgcudafatssnd2i1HSA-Y.o -cuda11020 -dcuda /opt/apps/nfs/spack/opt/spack/linux-centos8-zen2/gcc-9.3.0/nvhpc-21.3-rjjnyvxif3czjq4groncoluqbhjt6g2u/Linux_x86_64/21.3/cuda/11.2 -init=ctxrel -sm 80 /tmp/pgcudacsndgiuMtyC0.cubin
/usr/bin/ld /usr/lib64/crt1.o /usr/lib64/crti.o /tmp/pgcudafatssnd2i1HSA-Y.o /opt/apps/nfs/spack/opt/spack/linux-centos8-zen2/gcc-9.3.0/nvhpc-21.3-rjjnyvxif3czjq4groncoluqbhjt6g2u/Linux_x86_64/21.3/compilers/lib/trace_init.o /usr/lib/gcc/x86_64-redhat-linux/8/crtbegin.o --eh-frame-hdr -m elf_x86_64 -dynamic-linker /lib64/ld-linux-x86-64.so.2 /opt/apps/nfs/spack/opt/spack/linux-centos8-zen2/gcc-9.3.0/nvhpc-21.3-rjjnyvxif3czjq4groncoluqbhjt6g2u/Linux_x86_64/21.3/compilers/lib/nvhpc.ld -L/opt/apps/nfs/spack/opt/spack/linux-centos8-zen2/gcc-9.3.0/nvhpc-21.3-rjjnyvxif3czjq4groncoluqbhjt6g2u/Linux_x86_64/21.3/compilers/lib -L/opt/apps/nfs/spack/opt/spack/linux-centos8-zen/gcc-8.3.1/gcc-9.3.0-yuektlndiynoevlc7qkmwudsixdokdom/lib64 -L/opt/apps/nfs/spack/opt/spack/linux-centos8-zen/gcc-8.3.1/gcc-9.3.0-yuektlndiynoevlc7qkmwudsixdokdom/lib -L/opt/apps/nfs/spack/opt/spack/linux-centos8-zen2/gcc-9.3.0/nvhpc-21.3-rjjnyvxif3czjq4groncoluqbhjt6g2u/Linux_x86_64/21.3/compilers/lib -L/usr/lib64 -L/usr/lib/gcc/x86_64-redhat-linux/8 CMakeFiles/cmTC_f72c3.dir/CMakeCCompilerABI.c.o -rpath /opt/apps/nfs/spack/opt/spack/linux-centos8-zen2/gcc-9.3.0/nvhpc-21.3-rjjnyvxif3czjq4groncoluqbhjt6g2u/Linux_x86_64/21.3/compilers/lib -rpath /opt/apps/nfs/spack/opt/spack/linux-centos8-zen2/gcc-9.3.0/nvhpc-21.3-rjjnyvxif3czjq4groncoluqbhjt6g2u/Linux_x86_64/21.3/math_libs/11.2/lib64 -rpath /opt/apps/nfs/spack/opt/spack/linux-centos8-zen2/gcc-9.3.0/nvhpc-21.3-rjjnyvxif3czjq4groncoluqbhjt6g2u/Linux_x86_64/21.3/cuda/11.2/lib64 -rpath /usr/lib/gcc/x86_64-redhat-linux/8/../../../../lib64 -o cmTC_f72c3 -L/usr/lib/gcc/x86_64-redhat-linux/8/../../../../lib64 /opt/apps/nfs/spack/opt/spack/linux-centos8-zen2/gcc-9.3.0/nvhpc-21.3-rjjnyvxif3czjq4groncoluqbhjt6g2u/Linux_x86_64/21.3/compilers/lib/acc_init_link_cuda.o /opt/apps/nfs/spack/opt/spack/linux-centos8-zen2/gcc-9.3.0/nvhpc-21.3-rjjnyvxif3czjq4groncoluqbhjt6g2u/Linux_x86_64/21.3/compilers/lib/acc_init_link_mp.o -lacchost -laccdevaux -laccdevice -lhxrt_dev -ldl -lcudadevice -lnvomp -ldl --as-needed -lnvhpcatm -latomic --no-as-needed -lpthread --start-group -lnvcpumath -lnsnvc -lnvc --end-group -lm -lgcc -lc -lgcc -lgcc_s /usr/lib/gcc/x86_64-redhat-linux/8/crtend.o /usr/lib64/crtn.o
unlink /tmp/pgcudafatssnd2i1HSA-Y.o
unlink /tmp/pgcudacsndgiuMtyC0.cubin
gmake[1]: Leaving directory '/home/mibeebe/ct/circustent_journal_performance_eval/build/CMakeFiles/CMakeTmp'



Parsed C implicit include dir info from above output: rv=start
  warn: unable to parse implicit include dirs!


Parsed C implicit link information from above output:
  link line regex: [^( *|.*[/\])(ld|CMAKE_LINK_STARTFILE-NOTFOUND|([^/\]+-)?ld|collect2)[^/\]*( |$)]
  ignore line: [Change Dir: /home/mibeebe/ct/circustent_journal_performance_eval/build/CMakeFiles/CMakeTmp]
  ignore line: []
  ignore line: [Run Build Command(s):/usr/bin/gmake cmTC_f72c3/fast && /usr/bin/gmake  -f CMakeFiles/cmTC_f72c3.dir/build.make CMakeFiles/cmTC_f72c3.dir/build]
  ignore line: [gmake[1]: Entering directory '/home/mibeebe/ct/circustent_journal_performance_eval/build/CMakeFiles/CMakeTmp']
  ignore line: [Building C object CMakeFiles/cmTC_f72c3.dir/CMakeCCompilerABI.c.o]
  ignore line: [/opt/apps/nfs/spack/opt/spack/linux-centos8-zen2/gcc-9.3.0/nvhpc-21.3-rjjnyvxif3czjq4groncoluqbhjt6g2u/Linux_x86_64/21.3/compilers/bin/nvc   -v -o CMakeFiles/cmTC_f72c3.dir/CMakeCCompilerABI.c.o   -c /opt/apps/nfs/spack/opt/spack/linux-centos8-zen2/gcc-9.3.0/cmake-3.17.3-6oxbiqlh3iqc4dn77nufq56pdrsoqa3j/share/cmake-3.17/Modules/CMakeCCompilerABI.c]
  ignore line: [Export PGI_CURR_CUDA_HOME=/opt/apps/nfs/spack/opt/spack/linux-centos8-zen2/gcc-9.3.0/nvhpc-21.3-rjjnyvxif3czjq4groncoluqbhjt6g2u/Linux_x86_64/21.3/cuda/]
  ignore line: [Export NVCOMPILER=/opt/apps/nfs/spack/opt/spack/linux-centos8-zen2/gcc-9.3.0/nvhpc-21.3-rjjnyvxif3czjq4groncoluqbhjt6g2u/Linux_x86_64/21.3]
  ignore line: [Export PGI=/opt/apps/nfs/spack/opt/spack/linux-centos8-zen2/gcc-9.3.0/nvhpc-21.3-rjjnyvxif3czjq4groncoluqbhjt6g2u]
  ignore line: []
  ignore line: [/opt/apps/nfs/spack/opt/spack/linux-centos8-zen2/gcc-9.3.0/nvhpc-21.3-rjjnyvxif3czjq4groncoluqbhjt6g2u/Linux_x86_64/21.3/compilers/bin/tools/cpp1 --llalign -Dunix -D__unix -D__unix__ -Dlinux -D__linux -D__linux__ -D__NO_MATH_INLINES -D__LP64__ -D__x86_64 -D__x86_64__ -D__LONG_MAX__=9223372036854775807L '-D__SIZE_TYPE__=unsigned long int' '-D__PTRDIFF_TYPE__=long int' -D__amd64 -D__amd64__ -D__k8 -D__k8__ -D__MMX__ -D__SSE__ -D__SSE2__ -D__SSE3__ -D__SSSE3__ -D__SSE4A__ -D__ABM__ -D__SSE4_2__ -D__AVX__ -D__AVX2__ -D__FMA__ -D__XSAVE__ -D__POPCNT__ -D__FXSR__ -D__PGI -D__NVCOMPILER -D_PGCG_SOURCE --c -I- -I/opt/apps/nfs/spack/opt/spack/linux-centos8-zen2/gcc-9.3.0/nvhpc-21.3-rjjnyvxif3czjq4groncoluqbhjt6g2u/Linux_x86_64/21.3/compilers/include-gcc70 -I/opt/apps/nfs/spack/opt/spack/linux-centos8-zen2/gcc-9.3.0/nvhpc-21.3-rjjnyvxif3czjq4groncoluqbhjt6g2u/Linux_x86_64/21.3/compilers/include -I/opt/apps/nfs/spack/opt/spack/linux-centos8-zen2/gcc-9.3.0/nvhpc-21.3-rjjnyvxif3czjq4groncoluqbhjt6g2u/Linux_x86_64/21.3/compilers/include-gcc70 -I/opt/apps/nfs/spack/opt/spack/linux-centos8-zen2/gcc-9.3.0/nvhpc-21.3-rjjnyvxif3czjq4groncoluqbhjt6g2u/Linux_x86_64/21.3/compilers/include -I/usr/lib/gcc/x86_64-redhat-linux/8/include -I/usr/local/include -I/usr/include -D__PGLLVM__ -D__NVCOMPILER_LLVM__ -D__extension__= --preinclude _cplus_preinclude.h --preinclude_macros _cplus_macros.h --gnu_version=80301 -D__pgnu_vsn=80301 -q -o /tmp/nvcwendcYzJ5rSl.il /opt/apps/nfs/spack/opt/spack/linux-centos8-zen2/gcc-9.3.0/cmake-3.17.3-6oxbiqlh3iqc4dn77nufq56pdrsoqa3j/share/cmake-3.17/Modules/CMakeCCompilerABI.c]
  ignore line: []
  ignore line: [/opt/apps/nfs/spack/opt/spack/linux-centos8-zen2/gcc-9.3.0/nvhpc-21.3-rjjnyvxif3czjq4groncoluqbhjt6g2u/Linux_x86_64/21.3/compilers/bin/tools/cpp2 /opt/apps/nfs/spack/opt/spack/linux-centos8-zen2/gcc-9.3.0/cmake-3.17.3-6oxbiqlh3iqc4dn77nufq56pdrsoqa3j/share/cmake-3.17/Modules/CMakeCCompilerABI.c -opt 1 -x 119 0xa10000 -x 122 0x40 -x 123 0x1000 -x 127 4 -x 127 17 -x 19 0x400000 -x 28 0x40000 -x 120 0x10000000 -x 70 0x8000 -x 122 1 -x 125 0x20000 -quad -x 59 4 -tp zen -x 120 0x1000 -astype 0 -x 121 1 -fn /opt/apps/nfs/spack/opt/spack/linux-centos8-zen2/gcc-9.3.0/cmake-3.17.3-6oxbiqlh3iqc4dn77nufq56pdrsoqa3j/share/cmake-3.17/Modules/CMakeCCompilerABI.c -il /tmp/nvcwendcYzJ5rSl.il -x 123 0x80000000 -x 123 4 -x 2 0x400 -x 119 0x20 -def __pgnu_vsn=80301 -x 70 0x40000000 -x 183 4 -x 121 0x800 -x 6 0x20000 -x 122 0x400000 -y 125 0x100000 -x 249 110 -x 120 0x200000 -x 70 0x40000000 -x 8 0x40000000 -x 164 0x800000 -x 85 0x2000 -x 85 0x4000 -x 34 0x40000000 -x 53 0x800000 -x 68 0x1 -x 39 4 -x 56 0x10 -x 26 0x10 -x 26 1 -x 56 0x4000 -y 163 0xc0000000 -x 189 0x10 -y 189 0x4000000 -gnuvsn 80301 -x 69 0x200 -x 123 0x400 -cmdline '+nvc /tmp/nvcwendcYzJ5rSl.il -v -o CMakeFiles/cmTC_f72c3.dir/CMakeCCompilerABI.c.o -c' -asm /tmp/nvc2endIuOP8cAe.ll]
  ignore line: [NVC++/x86-64 Linux 21.3-0: compilation successful]
  ignore line: []
  ignore line: [/opt/apps/nfs/spack/opt/spack/linux-centos8-zen2/gcc-9.3.0/nvhpc-21.3-rjjnyvxif3czjq4groncoluqbhjt6g2u/Linux_x86_64/21.3/compilers/share/llvm/bin/llc /tmp/nvc2endIuOP8cAe.ll -march=x86-64 -mcpu=native -O1 -fast-isel=0 -non-global-value-max-name-size=4294967295 -x86-cmov-converter=0 --frame-pointer=none -o /tmp/nvcMendY4QParIi.s]
  ignore line: []
  ignore line: [/usr/bin/as /tmp/nvcMendY4QParIi.s -o CMakeFiles/cmTC_f72c3.dir/CMakeCCompilerABI.c.o]
  ignore line: [Unlinking /tmp/nvcwendcYzJ5rSl.il]
  ignore line: [Unlinking /tmp/nvcgendscObugzO.s]
  ignore line: [Unlinking /tmp/nvc2endIuOP8cAe.ll]
  ignore line: [Unlinking /tmp/nvcMendY4QParIi.s]
  ignore line: [Unlinking /tmp/nvcwendc-bcZgN3.llvm]
  ignore line: [Linking C executable cmTC_f72c3]
  ignore line: [/opt/apps/nfs/spack/opt/spack/linux-centos8-zen2/gcc-9.3.0/cmake-3.17.3-6oxbiqlh3iqc4dn77nufq56pdrsoqa3j/bin/cmake -E cmake_link_script CMakeFiles/cmTC_f72c3.dir/link.txt --verbose=1]
  ignore line: [/opt/apps/nfs/spack/opt/spack/linux-centos8-zen2/gcc-9.3.0/nvhpc-21.3-rjjnyvxif3czjq4groncoluqbhjt6g2u/Linux_x86_64/21.3/compilers/bin/nvc    -mp=gpu -gpu=cc80 -v CMakeFiles/cmTC_f72c3.dir/CMakeCCompilerABI.c.o  -o cmTC_f72c3 ]
  ignore line: [Export PGI_CURR_CUDA_HOME=/opt/apps/nfs/spack/opt/spack/linux-centos8-zen2/gcc-9.3.0/nvhpc-21.3-rjjnyvxif3czjq4groncoluqbhjt6g2u/Linux_x86_64/21.3/cuda/11.2]
  ignore line: [Export NVCOMPILER=/opt/apps/nfs/spack/opt/spack/linux-centos8-zen2/gcc-9.3.0/nvhpc-21.3-rjjnyvxif3czjq4groncoluqbhjt6g2u/Linux_x86_64/21.3]
  ignore line: [Export PGI=/opt/apps/nfs/spack/opt/spack/linux-centos8-zen2/gcc-9.3.0/nvhpc-21.3-rjjnyvxif3czjq4groncoluqbhjt6g2u]
  ignore line: []
  ignore line: [/opt/apps/nfs/spack/opt/spack/linux-centos8-zen2/gcc-9.3.0/nvhpc-21.3-rjjnyvxif3czjq4groncoluqbhjt6g2u/Linux_x86_64/21.3/compilers/bin/tools/acclnk -nvidia /opt/apps/nfs/spack/opt/spack/linux-centos8-zen2/gcc-9.3.0/nvhpc-21.3-rjjnyvxif3czjq4groncoluqbhjt6g2u/Linux_x86_64/21.3/compilers/bin/tools/nvdd -cuda11020 -cudaroot /opt/apps/nfs/spack/opt/spack/linux-centos8-zen2/gcc-9.3.0/nvhpc-21.3-rjjnyvxif3czjq4groncoluqbhjt6g2u/Linux_x86_64/21.3/cuda/11.2 -computecap=80 -unifiedmem -init=ctxrel -v /usr/bin/ld /usr/lib64/crt1.o /usr/lib64/crti.o /opt/apps/nfs/spack/opt/spack/linux-centos8-zen2/gcc-9.3.0/nvhpc-21.3-rjjnyvxif3czjq4groncoluqbhjt6g2u/Linux_x86_64/21.3/compilers/lib/trace_init.o /usr/lib/gcc/x86_64-redhat-linux/8/crtbegin.o --eh-frame-hdr -m elf_x86_64 -dynamic-linker /lib64/ld-linux-x86-64.so.2 /opt/apps/nfs/spack/opt/spack/linux-centos8-zen2/gcc-9.3.0/nvhpc-21.3-rjjnyvxif3czjq4groncoluqbhjt6g2u/Linux_x86_64/21.3/compilers/lib/nvhpc.ld -L/opt/apps/nfs/spack/opt/spack/linux-centos8-zen2/gcc-9.3.0/nvhpc-21.3-rjjnyvxif3czjq4groncoluqbhjt6g2u/Linux_x86_64/21.3/compilers/lib -L/opt/apps/nfs/spack/opt/spack/linux-centos8-zen/gcc-8.3.1/gcc-9.3.0-yuektlndiynoevlc7qkmwudsixdokdom/lib64 -L/opt/apps/nfs/spack/opt/spack/linux-centos8-zen/gcc-8.3.1/gcc-9.3.0-yuektlndiynoevlc7qkmwudsixdokdom/lib -L/opt/apps/nfs/spack/opt/spack/linux-centos8-zen2/gcc-9.3.0/nvhpc-21.3-rjjnyvxif3czjq4groncoluqbhjt6g2u/Linux_x86_64/21.3/compilers/lib -L/usr/lib64 -L/usr/lib/gcc/x86_64-redhat-linux/8 CMakeFiles/cmTC_f72c3.dir/CMakeCCompilerABI.c.o -rpath /opt/apps/nfs/spack/opt/spack/linux-centos8-zen2/gcc-9.3.0/nvhpc-21.3-rjjnyvxif3czjq4groncoluqbhjt6g2u/Linux_x86_64/21.3/compilers/lib -rpath /opt/apps/nfs/spack/opt/spack/linux-centos8-zen2/gcc-9.3.0/nvhpc-21.3-rjjnyvxif3czjq4groncoluqbhjt6g2u/Linux_x86_64/21.3/math_libs/11.2/lib64 -rpath /opt/apps/nfs/spack/opt/spack/linux-centos8-zen2/gcc-9.3.0/nvhpc-21.3-rjjnyvxif3czjq4groncoluqbhjt6g2u/Linux_x86_64/21.3/cuda/11.2/lib64 -rpath /usr/lib/gcc/x86_64-redhat-linux/8/../../../../lib64 -o cmTC_f72c3 -L/usr/lib/gcc/x86_64-redhat-linux/8/../../../../lib64 /opt/apps/nfs/spack/opt/spack/linux-centos8-zen2/gcc-9.3.0/nvhpc-21.3-rjjnyvxif3czjq4groncoluqbhjt6g2u/Linux_x86_64/21.3/compilers/lib/acc_init_link_cuda.o /opt/apps/nfs/spack/opt/spack/linux-centos8-zen2/gcc-9.3.0/nvhpc-21.3-rjjnyvxif3czjq4groncoluqbhjt6g2u/Linux_x86_64/21.3/compilers/lib/acc_init_link_mp.o -lacchost -laccdevaux -laccdevice -lhxrt_dev -ldl -lcudadevice -lnvomp -ldl --as-needed -lnvhpcatm -latomic --no-as-needed -lpthread --start-group -lnvcpumath -lnsnvc -lnvc --end-group -lm -lgcc -lc -lgcc -lgcc_s /usr/lib/gcc/x86_64-redhat-linux/8/crtend.o /usr/lib64/crtn.o]
  ignore line: [/opt/apps/nfs/spack/opt/spack/linux-centos8-zen2/gcc-9.3.0/nvhpc-21.3-rjjnyvxif3czjq4groncoluqbhjt6g2u/Linux_x86_64/21.3/compilers/bin/tools/nvdd -cudaallowundefgbls -dcuda /opt/apps/nfs/spack/opt/spack/linux-centos8-zen2/gcc-9.3.0/nvhpc-21.3-rjjnyvxif3czjq4groncoluqbhjt6g2u/Linux_x86_64/21.3/cuda/11.2 /opt/apps/nfs/spack/opt/spack/linux-centos8-zen2/gcc-9.3.0/nvhpc-21.3-rjjnyvxif3czjq4groncoluqbhjt6g2u/Linux_x86_64/21.3/compilers/lib/trace_init.o -L/opt/apps/nfs/spack/opt/spack/linux-centos8-zen2/gcc-9.3.0/nvhpc-21.3-rjjnyvxif3czjq4groncoluqbhjt6g2u/Linux_x86_64/21.3/compilers/lib -L/opt/apps/nfs/spack/opt/spack/linux-centos8-zen/gcc-8.3.1/gcc-9.3.0-yuektlndiynoevlc7qkmwudsixdokdom/lib64 -L/opt/apps/nfs/spack/opt/spack/linux-centos8-zen/gcc-8.3.1/gcc-9.3.0-yuektlndiynoevlc7qkmwudsixdokdom/lib -L/opt/apps/nfs/spack/opt/spack/linux-centos8-zen2/gcc-9.3.0/nvhpc-21.3-rjjnyvxif3czjq4groncoluqbhjt6g2u/Linux_x86_64/21.3/compilers/lib -L/usr/lib64 -L/usr/lib/gcc/x86_64-redhat-linux/8 CMakeFiles/cmTC_f72c3.dir/CMakeCCompilerABI.c.o -L/usr/lib/gcc/x86_64-redhat-linux/8/../../../../lib64 /opt/apps/nfs/spack/opt/spack/linux-centos8-zen2/gcc-9.3.0/nvhpc-21.3-rjjnyvxif3czjq4groncoluqbhjt6g2u/Linux_x86_64/21.3/compilers/lib/acc_init_link_cuda.o /opt/apps/nfs/spack/opt/spack/linux-centos8-zen2/gcc-9.3.0/nvhpc-21.3-rjjnyvxif3czjq4groncoluqbhjt6g2u/Linux_x86_64/21.3/compilers/lib/acc_init_link_mp.o -lacchost -laccdevaux -laccdevice -lhxrt_dev -ldl -lcudadevice -lnvomp -ldl -lnvhpcatm -latomic -lpthread -lnvcpumath -lnsnvc -lnvc -lm -lgcc -lc -lgcc_s -dolink -cuda11020 -computecap 80 -o /tmp/pgcudacsndgiuMtyC0.cubin]
  ignore line: [/opt/apps/nfs/spack/opt/spack/linux-centos8-zen2/gcc-9.3.0/nvhpc-21.3-rjjnyvxif3czjq4groncoluqbhjt6g2u/Linux_x86_64/21.3/compilers/bin/tools/nvdd -fatobj /tmp/pgcudafatssnd2i1HSA-Y.o -o /tmp/pgcudafatssnd2i1HSA-Y.o -cuda11020 -dcuda /opt/apps/nfs/spack/opt/spack/linux-centos8-zen2/gcc-9.3.0/nvhpc-21.3-rjjnyvxif3czjq4groncoluqbhjt6g2u/Linux_x86_64/21.3/cuda/11.2 -init=ctxrel -sm 80 /tmp/pgcudacsndgiuMtyC0.cubin]
  link line: [/usr/bin/ld /usr/lib64/crt1.o /usr/lib64/crti.o /tmp/pgcudafatssnd2i1HSA-Y.o /opt/apps/nfs/spack/opt/spack/linux-centos8-zen2/gcc-9.3.0/nvhpc-21.3-rjjnyvxif3czjq4groncoluqbhjt6g2u/Linux_x86_64/21.3/compilers/lib/trace_init.o /usr/lib/gcc/x86_64-redhat-linux/8/crtbegin.o --eh-frame-hdr -m elf_x86_64 -dynamic-linker /lib64/ld-linux-x86-64.so.2 /opt/apps/nfs/spack/opt/spack/linux-centos8-zen2/gcc-9.3.0/nvhpc-21.3-rjjnyvxif3czjq4groncoluqbhjt6g2u/Linux_x86_64/21.3/compilers/lib/nvhpc.ld -L/opt/apps/nfs/spack/opt/spack/linux-centos8-zen2/gcc-9.3.0/nvhpc-21.3-rjjnyvxif3czjq4groncoluqbhjt6g2u/Linux_x86_64/21.3/compilers/lib -L/opt/apps/nfs/spack/opt/spack/linux-centos8-zen/gcc-8.3.1/gcc-9.3.0-yuektlndiynoevlc7qkmwudsixdokdom/lib64 -L/opt/apps/nfs/spack/opt/spack/linux-centos8-zen/gcc-8.3.1/gcc-9.3.0-yuektlndiynoevlc7qkmwudsixdokdom/lib -L/opt/apps/nfs/spack/opt/spack/linux-centos8-zen2/gcc-9.3.0/nvhpc-21.3-rjjnyvxif3czjq4groncoluqbhjt6g2u/Linux_x86_64/21.3/compilers/lib -L/usr/lib64 -L/usr/lib/gcc/x86_64-redhat-linux/8 CMakeFiles/cmTC_f72c3.dir/CMakeCCompilerABI.c.o -rpath /opt/apps/nfs/spack/opt/spack/linux-centos8-zen2/gcc-9.3.0/nvhpc-21.3-rjjnyvxif3czjq4groncoluqbhjt6g2u/Linux_x86_64/21.3/compilers/lib -rpath /opt/apps/nfs/spack/opt/spack/linux-centos8-zen2/gcc-9.3.0/nvhpc-21.3-rjjnyvxif3czjq4groncoluqbhjt6g2u/Linux_x86_64/21.3/math_libs/11.2/lib64 -rpath /opt/apps/nfs/spack/opt/spack/linux-centos8-zen2/gcc-9.3.0/nvhpc-21.3-rjjnyvxif3czjq4groncoluqbhjt6g2u/Linux_x86_64/21.3/cuda/11.2/lib64 -rpath /usr/lib/gcc/x86_64-redhat-linux/8/../../../../lib64 -o cmTC_f72c3 -L/usr/lib/gcc/x86_64-redhat-linux/8/../../../../lib64 /opt/apps/nfs/spack/opt/spack/linux-centos8-zen2/gcc-9.3.0/nvhpc-21.3-rjjnyvxif3czjq4groncoluqbhjt6g2u/Linux_x86_64/21.3/compilers/lib/acc_init_link_cuda.o /opt/apps/nfs/spack/opt/spack/linux-centos8-zen2/gcc-9.3.0/nvhpc-21.3-rjjnyvxif3czjq4groncoluqbhjt6g2u/Linux_x86_64/21.3/compilers/lib/acc_init_link_mp.o -lacchost -laccdevaux -laccdevice -lhxrt_dev -ldl -lcudadevice -lnvomp -ldl --as-needed -lnvhpcatm -latomic --no-as-needed -lpthread --start-group -lnvcpumath -lnsnvc -lnvc --end-group -lm -lgcc -lc -lgcc -lgcc_s /usr/lib/gcc/x86_64-redhat-linux/8/crtend.o /usr/lib64/crtn.o]
    arg [/usr/bin/ld] ==> ignore
    arg [/usr/lib64/crt1.o] ==> ignore
    arg [/usr/lib64/crti.o] ==> ignore
    arg [/tmp/pgcudafatssnd2i1HSA-Y.o] ==> ignore
    arg [/opt/apps/nfs/spack/opt/spack/linux-centos8-zen2/gcc-9.3.0/nvhpc-21.3-rjjnyvxif3czjq4groncoluqbhjt6g2u/Linux_x86_64/21.3/compilers/lib/trace_init.o] ==> ignore
    arg [/usr/lib/gcc/x86_64-redhat-linux/8/crtbegin.o] ==> ignore
    arg [--eh-frame-hdr] ==> ignore
    arg [-m] ==> ignore
    arg [elf_x86_64] ==> ignore
    arg [-dynamic-linker] ==> ignore
    arg [/lib64/ld-linux-x86-64.so.2] ==> ignore
    arg [/opt/apps/nfs/spack/opt/spack/linux-centos8-zen2/gcc-9.3.0/nvhpc-21.3-rjjnyvxif3czjq4groncoluqbhjt6g2u/Linux_x86_64/21.3/compilers/lib/nvhpc.ld] ==> ignore
    arg [-L/opt/apps/nfs/spack/opt/spack/linux-centos8-zen2/gcc-9.3.0/nvhpc-21.3-rjjnyvxif3czjq4groncoluqbhjt6g2u/Linux_x86_64/21.3/compilers/lib] ==> dir [/opt/apps/nfs/spack/opt/spack/linux-centos8-zen2/gcc-9.3.0/nvhpc-21.3-rjjnyvxif3czjq4groncoluqbhjt6g2u/Linux_x86_64/21.3/compilers/lib]
    arg [-L/opt/apps/nfs/spack/opt/spack/linux-centos8-zen/gcc-8.3.1/gcc-9.3.0-yuektlndiynoevlc7qkmwudsixdokdom/lib64] ==> dir [/opt/apps/nfs/spack/opt/spack/linux-centos8-zen/gcc-8.3.1/gcc-9.3.0-yuektlndiynoevlc7qkmwudsixdokdom/lib64]
    arg [-L/opt/apps/nfs/spack/opt/spack/linux-centos8-zen/gcc-8.3.1/gcc-9.3.0-yuektlndiynoevlc7qkmwudsixdokdom/lib] ==> dir [/opt/apps/nfs/spack/opt/spack/linux-centos8-zen/gcc-8.3.1/gcc-9.3.0-yuektlndiynoevlc7qkmwudsixdokdom/lib]
    arg [-L/opt/apps/nfs/spack/opt/spack/linux-centos8-zen2/gcc-9.3.0/nvhpc-21.3-rjjnyvxif3czjq4groncoluqbhjt6g2u/Linux_x86_64/21.3/compilers/lib] ==> dir [/opt/apps/nfs/spack/opt/spack/linux-centos8-zen2/gcc-9.3.0/nvhpc-21.3-rjjnyvxif3czjq4groncoluqbhjt6g2u/Linux_x86_64/21.3/compilers/lib]
    arg [-L/usr/lib64] ==> dir [/usr/lib64]
    arg [-L/usr/lib/gcc/x86_64-redhat-linux/8] ==> dir [/usr/lib/gcc/x86_64-redhat-linux/8]
    arg [CMakeFiles/cmTC_f72c3.dir/CMakeCCompilerABI.c.o] ==> ignore
    arg [-rpath] ==> ignore
    arg [/opt/apps/nfs/spack/opt/spack/linux-centos8-zen2/gcc-9.3.0/nvhpc-21.3-rjjnyvxif3czjq4groncoluqbhjt6g2u/Linux_x86_64/21.3/compilers/lib] ==> ignore
    arg [-rpath] ==> ignore
    arg [/opt/apps/nfs/spack/opt/spack/linux-centos8-zen2/gcc-9.3.0/nvhpc-21.3-rjjnyvxif3czjq4groncoluqbhjt6g2u/Linux_x86_64/21.3/math_libs/11.2/lib64] ==> ignore
    arg [-rpath] ==> ignore
    arg [/opt/apps/nfs/spack/opt/spack/linux-centos8-zen2/gcc-9.3.0/nvhpc-21.3-rjjnyvxif3czjq4groncoluqbhjt6g2u/Linux_x86_64/21.3/cuda/11.2/lib64] ==> ignore
    arg [-rpath] ==> ignore
    arg [/usr/lib/gcc/x86_64-redhat-linux/8/../../../../lib64] ==> ignore
    arg [-o] ==> ignore
    arg [cmTC_f72c3] ==> ignore
    arg [-L/usr/lib/gcc/x86_64-redhat-linux/8/../../../../lib64] ==> dir [/usr/lib/gcc/x86_64-redhat-linux/8/../../../../lib64]
    arg [/opt/apps/nfs/spack/opt/spack/linux-centos8-zen2/gcc-9.3.0/nvhpc-21.3-rjjnyvxif3czjq4groncoluqbhjt6g2u/Linux_x86_64/21.3/compilers/lib/acc_init_link_cuda.o] ==> ignore
    arg [/opt/apps/nfs/spack/opt/spack/linux-centos8-zen2/gcc-9.3.0/nvhpc-21.3-rjjnyvxif3czjq4groncoluqbhjt6g2u/Linux_x86_64/21.3/compilers/lib/acc_init_link_mp.o] ==> ignore
    arg [-lacchost] ==> lib [acchost]
    arg [-laccdevaux] ==> lib [accdevaux]
    arg [-laccdevice] ==> lib [accdevice]
    arg [-lhxrt_dev] ==> lib [hxrt_dev]
    arg [-ldl] ==> lib [dl]
    arg [-lcudadevice] ==> lib [cudadevice]
    arg [-lnvomp] ==> lib [nvomp]
    arg [-ldl] ==> lib [dl]
    arg [--as-needed] ==> ignore
    arg [-lnvhpcatm] ==> lib [nvhpcatm]
    arg [-latomic] ==> lib [atomic]
    arg [--no-as-needed] ==> ignore
    arg [-lpthread] ==> lib [pthread]
    arg [--start-group] ==> ignore
    arg [-lnvcpumath] ==> lib [nvcpumath]
    arg [-lnsnvc] ==> lib [nsnvc]
    arg [-lnvc] ==> lib [nvc]
    arg [--end-group] ==> ignore
    arg [-lm] ==> lib [m]
    arg [-lgcc] ==> lib [gcc]
    arg [-lc] ==> lib [c]
    arg [-lgcc] ==> lib [gcc]
    arg [-lgcc_s] ==> lib [gcc_s]
    arg [/usr/lib/gcc/x86_64-redhat-linux/8/crtend.o] ==> ignore
    arg [/usr/lib64/crtn.o] ==> ignore
  collapse library dir [/opt/apps/nfs/spack/opt/spack/linux-centos8-zen2/gcc-9.3.0/nvhpc-21.3-rjjnyvxif3czjq4groncoluqbhjt6g2u/Linux_x86_64/21.3/compilers/lib] ==> [/opt/apps/nfs/spack/opt/spack/linux-centos8-zen2/gcc-9.3.0/nvhpc-21.3-rjjnyvxif3czjq4groncoluqbhjt6g2u/Linux_x86_64/21.3/compilers/lib]
  collapse library dir [/opt/apps/nfs/spack/opt/spack/linux-centos8-zen/gcc-8.3.1/gcc-9.3.0-yuektlndiynoevlc7qkmwudsixdokdom/lib64] ==> [/opt/apps/nfs/spack/opt/spack/linux-centos8-zen/gcc-8.3.1/gcc-9.3.0-yuektlndiynoevlc7qkmwudsixdokdom/lib64]
  collapse library dir [/opt/apps/nfs/spack/opt/spack/linux-centos8-zen/gcc-8.3.1/gcc-9.3.0-yuektlndiynoevlc7qkmwudsixdokdom/lib] ==> [/opt/apps/nfs/spack/opt/spack/linux-centos8-zen/gcc-8.3.1/gcc-9.3.0-yuektlndiynoevlc7qkmwudsixdokdom/lib]
  collapse library dir [/opt/apps/nfs/spack/opt/spack/linux-centos8-zen2/gcc-9.3.0/nvhpc-21.3-rjjnyvxif3czjq4groncoluqbhjt6g2u/Linux_x86_64/21.3/compilers/lib] ==> [/opt/apps/nfs/spack/opt/spack/linux-centos8-zen2/gcc-9.3.0/nvhpc-21.3-rjjnyvxif3czjq4groncoluqbhjt6g2u/Linux_x86_64/21.3/compilers/lib]
  collapse library dir [/usr/lib64] ==> [/usr/lib64]
  collapse library dir [/usr/lib/gcc/x86_64-redhat-linux/8] ==> [/usr/lib/gcc/x86_64-redhat-linux/8]
  collapse library dir [/usr/lib/gcc/x86_64-redhat-linux/8/../../../../lib64] ==> [/usr/lib64]
  implicit libs: [acchost;accdevaux;accdevice;hxrt_dev;dl;cudadevice;nvomp;dl;nvhpcatm;atomic;pthread;nvcpumath;nsnvc;nvc;m;gcc;c;gcc;gcc_s]
  implicit dirs: [/opt/apps/nfs/spack/opt/spack/linux-centos8-zen2/gcc-9.3.0/nvhpc-21.3-rjjnyvxif3czjq4groncoluqbhjt6g2u/Linux_x86_64/21.3/compilers/lib;/opt/apps/nfs/spack/opt/spack/linux-centos8-zen/gcc-8.3.1/gcc-9.3.0-yuektlndiynoevlc7qkmwudsixdokdom/lib64;/opt/apps/nfs/spack/opt/spack/linux-centos8-zen/gcc-8.3.1/gcc-9.3.0-yuektlndiynoevlc7qkmwudsixdokdom/lib;/usr/lib64;/usr/lib/gcc/x86_64-redhat-linux/8]
  implicit fwks: []


Determining if the CXX compiler works passed with the following output:
Change Dir: /home/mibeebe/ct/circustent_journal_performance_eval/build/CMakeFiles/CMakeTmp

Run Build Command(s):/usr/bin/gmake cmTC_6eb19/fast && /usr/bin/gmake  -f CMakeFiles/cmTC_6eb19.dir/build.make CMakeFiles/cmTC_6eb19.dir/build
gmake[1]: Entering directory '/home/mibeebe/ct/circustent_journal_performance_eval/build/CMakeFiles/CMakeTmp'
Building CXX object CMakeFiles/cmTC_6eb19.dir/testCXXCompiler.cxx.o
/opt/apps/nfs/spack/opt/spack/linux-centos8-zen2/gcc-9.3.0/nvhpc-21.3-rjjnyvxif3czjq4groncoluqbhjt6g2u/Linux_x86_64/21.3/compilers/bin/nvc++    -mp=gpu -Minfo=mp -gpu=cc80    -o CMakeFiles/cmTC_6eb19.dir/testCXXCompiler.cxx.o -c /home/mibeebe/ct/circustent_journal_performance_eval/build/CMakeFiles/CMakeTmp/testCXXCompiler.cxx
Linking CXX executable cmTC_6eb19
/opt/apps/nfs/spack/opt/spack/linux-centos8-zen2/gcc-9.3.0/cmake-3.17.3-6oxbiqlh3iqc4dn77nufq56pdrsoqa3j/bin/cmake -E cmake_link_script CMakeFiles/cmTC_6eb19.dir/link.txt --verbose=1
/opt/apps/nfs/spack/opt/spack/linux-centos8-zen2/gcc-9.3.0/nvhpc-21.3-rjjnyvxif3czjq4groncoluqbhjt6g2u/Linux_x86_64/21.3/compilers/bin/nvc++  -mp=gpu -Minfo=mp -gpu=cc80   -mp=gpu -gpu=cc80  CMakeFiles/cmTC_6eb19.dir/testCXXCompiler.cxx.o  -o cmTC_6eb19 
gmake[1]: Leaving directory '/home/mibeebe/ct/circustent_journal_performance_eval/build/CMakeFiles/CMakeTmp'



Detecting CXX compiler ABI info compiled with the following output:
Change Dir: /home/mibeebe/ct/circustent_journal_performance_eval/build/CMakeFiles/CMakeTmp

Run Build Command(s):/usr/bin/gmake cmTC_c8ded/fast && /usr/bin/gmake  -f CMakeFiles/cmTC_c8ded.dir/build.make CMakeFiles/cmTC_c8ded.dir/build
gmake[1]: Entering directory '/home/mibeebe/ct/circustent_journal_performance_eval/build/CMakeFiles/CMakeTmp'
Building CXX object CMakeFiles/cmTC_c8ded.dir/CMakeCXXCompilerABI.cpp.o
/opt/apps/nfs/spack/opt/spack/linux-centos8-zen2/gcc-9.3.0/nvhpc-21.3-rjjnyvxif3czjq4groncoluqbhjt6g2u/Linux_x86_64/21.3/compilers/bin/nvc++    -mp=gpu -Minfo=mp -gpu=cc80    -v -o CMakeFiles/cmTC_c8ded.dir/CMakeCXXCompilerABI.cpp.o -c /opt/apps/nfs/spack/opt/spack/linux-centos8-zen2/gcc-9.3.0/cmake-3.17.3-6oxbiqlh3iqc4dn77nufq56pdrsoqa3j/share/cmake-3.17/Modules/CMakeCXXCompilerABI.cpp
Export PGI_CURR_CUDA_HOME=/opt/apps/nfs/spack/opt/spack/linux-centos8-zen2/gcc-9.3.0/nvhpc-21.3-rjjnyvxif3czjq4groncoluqbhjt6g2u/Linux_x86_64/21.3/cuda/11.2
Export NVCOMPILER=/opt/apps/nfs/spack/opt/spack/linux-centos8-zen2/gcc-9.3.0/nvhpc-21.3-rjjnyvxif3czjq4groncoluqbhjt6g2u/Linux_x86_64/21.3
Export PGI=/opt/apps/nfs/spack/opt/spack/linux-centos8-zen2/gcc-9.3.0/nvhpc-21.3-rjjnyvxif3czjq4groncoluqbhjt6g2u

/opt/apps/nfs/spack/opt/spack/linux-centos8-zen2/gcc-9.3.0/nvhpc-21.3-rjjnyvxif3czjq4groncoluqbhjt6g2u/Linux_x86_64/21.3/compilers/bin/tools/cpp1 --llalign -Dunix -D__unix -D__unix__ -Dlinux -D__linux -D__linux__ -D__NO_MATH_INLINES -D__LP64__ -D__x86_64 -D__x86_64__ -D__LONG_MAX__=9223372036854775807L '-D__SIZE_TYPE__=unsigned long int' '-D__PTRDIFF_TYPE__=long int' -D__amd64 -D__amd64__ -D__k8 -D__k8__ -D__MMX__ -D__SSE__ -D__SSE2__ -D__SSE3__ -D__SSSE3__ -D__SSE4A__ -D__ABM__ -D__SSE4_2__ -D__AVX__ -D__AVX2__ -D__FMA__ -D__XSAVE__ -D__POPCNT__ -D__FXSR__ -D__PGI -D__NVCOMPILER -D_GNU_SOURCE -D_PGCG_SOURCE -I- -I/opt/apps/nfs/spack/opt/spack/linux-centos8-zen2/gcc-9.3.0/nvhpc-21.3-rjjnyvxif3czjq4groncoluqbhjt6g2u/Linux_x86_64/21.3/compilers/include-gcc70 -I/opt/apps/nfs/spack/opt/spack/linux-centos8-zen2/gcc-9.3.0/nvhpc-21.3-rjjnyvxif3czjq4groncoluqbhjt6g2u/Linux_x86_64/21.3/compilers/include -I/usr/include/c++/8 -I/usr/include/c++/8/x86_64-redhat-linux -I/usr/include/c++/8/backward -I/usr/lib/gcc/x86_64-redhat-linux/8/include -I/usr/local/include -I/usr/include -I/opt/apps/nfs/spack/opt/spack/linux-centos8-zen2/gcc-9.3.0/nvhpc-21.3-rjjnyvxif3czjq4groncoluqbhjt6g2u/Linux_x86_64/21.3/compilers/include-gcc70 -I/opt/apps/nfs/spack/opt/spack/linux-centos8-zen2/gcc-9.3.0/nvhpc-21.3-rjjnyvxif3czjq4groncoluqbhjt6g2u/Linux_x86_64/21.3/compilers/include -I/usr/lib/gcc/x86_64-redhat-linux/8/include -I/usr/local/include -I/usr/include -I/opt/apps/nfs/spack/opt/spack/linux-centos8-zen2/gcc-9.3.0/nvhpc-21.3-rjjnyvxif3czjq4groncoluqbhjt6g2u/Linux_x86_64/21.3/math_libs/11.2/include -I/opt/apps/nfs/spack/opt/spack/linux-centos8-zen2/gcc-9.3.0/nvhpc-21.3-rjjnyvxif3czjq4groncoluqbhjt6g2u/Linux_x86_64/21.3/cuda/11.2/include -D__PGLLVM__ -D__NVCOMPILER_LLVM__ -D__extension__= -DPGI_TESLA_TARGET -D_PGI_HX --preinclude _cplus_preinclude.h --preinclude_macros _cplus_macros.h --gnu_version=80301 -D__pgnu_vsn=80301 --target_gpu --mp -D_OPENMP=201307 -DCUDA_VERSION=11020 -q -o /tmp/nvc++BkodrS62aIvQ.il /opt/apps/nfs/spack/opt/spack/linux-centos8-zen2/gcc-9.3.0/cmake-3.17.3-6oxbiqlh3iqc4dn77nufq56pdrsoqa3j/share/cmake-3.17/Modules/CMakeCXXCompilerABI.cpp

/opt/apps/nfs/spack/opt/spack/linux-centos8-zen2/gcc-9.3.0/nvhpc-21.3-rjjnyvxif3czjq4groncoluqbhjt6g2u/Linux_x86_64/21.3/compilers/bin/tools/cpp2 /opt/apps/nfs/spack/opt/spack/linux-centos8-zen2/gcc-9.3.0/cmake-3.17.3-6oxbiqlh3iqc4dn77nufq56pdrsoqa3j/share/cmake-3.17/Modules/CMakeCXXCompilerABI.cpp -opt 1 -x 119 0xa10000 -x 122 0x40 -x 123 0x1000 -x 127 4 -x 127 17 -x 19 0x400000 -x 28 0x40000 -x 120 0x10000000 -x 70 0x8000 -x 122 1 -x 125 0x20000 -quad -x 59 4 -tp zen -x 120 0x1000 -astype 0 -x 121 1 -fn /opt/apps/nfs/spack/opt/spack/linux-centos8-zen2/gcc-9.3.0/cmake-3.17.3-6oxbiqlh3iqc4dn77nufq56pdrsoqa3j/share/cmake-3.17/Modules/CMakeCXXCompilerABI.cpp -il /tmp/nvc++BkodrS62aIvQ.il -x 117 0x200 -x 123 0x80000000 -x 123 4 -x 119 0x20 -def __pgnu_vsn=80301 -x 70 0x40000000 -x 183 4 -x 121 0x800 -x 6 0x20000 -x 249 110 -x 120 0x200000 -x 70 0x40000000 -x 8 0x40000000 -x 164 0x800000 -x 85 0x2000 -x 85 0x4000 -x 34 0x40000000 -x 53 0x800000 -x 68 0x1 -x 39 4 -x 56 0x10 -x 26 0x10 -x 26 1 -x 56 0x4000 -accel tesla -x 180 0x4000400 -x 121 0xc00 -x 186 0x80 -x 163 0x1 -x 186 0x80000 -cudaver 11020 -x 194 0x40000 -x 176 0x100 -cudacap 80 -cudaroot /opt/apps/nfs/spack/opt/spack/linux-centos8-zen2/gcc-9.3.0/nvhpc-21.3-rjjnyvxif3czjq4groncoluqbhjt6g2u/Linux_x86_64/21.3/cuda/11.2 -x 176 0x100 -cudacap 80 -x 189 0x8000 -y 163 0xc0000000 -x 189 0x10 -y 189 0x4000000 -cudaroot /opt/apps/nfs/spack/opt/spack/linux-centos8-zen2/gcc-9.3.0/nvhpc-21.3-rjjnyvxif3czjq4groncoluqbhjt6g2u/Linux_x86_64/21.3/cuda/11.2 -x 187 0x40000 -x 187 0x8000000 -mp -x 69 0x200 -x 69 0x400 -x 69 2 -x 0 0x1000000 -x 2 0x100000 -x 0 0x2000000 -x 161 128 -x 162 128 -gnuvsn 80301 -x 69 0x200 -x 123 0x400 -x 180 0x4000000 -x 233 0x1 -x 194 0x20000000 -x 205 2 -x 233 0x100 -x 233 0x400 -cmdline '+nvc++ /tmp/nvc++BkodrS62aIvQ.il -mp=gpu -Minfo=mp -gpu=cc80 -v -o CMakeFiles/cmTC_c8ded.dir/CMakeCXXCompilerABI.cpp.o -c' -asm /tmp/nvc++lkodHbsRRytz.ll
NVC++/x86-64 Linux 21.3-0: compilation successful

/opt/apps/nfs/spack/opt/spack/linux-centos8-zen2/gcc-9.3.0/nvhpc-21.3-rjjnyvxif3czjq4groncoluqbhjt6g2u/Linux_x86_64/21.3/compilers/share/llvm/bin/llc /tmp/nvc++lkodHbsRRytz.ll -march=x86-64 -mcpu=native -O1 -fast-isel=0 -non-global-value-max-name-size=4294967295 -x86-cmov-converter=0 --frame-pointer=none -o /tmp/nvc++JkodPncxa9dC.s

/usr/bin/as /tmp/nvc++JkodPncxa9dC.s -I/opt/apps/nfs/spack/opt/spack/linux-centos8-zen2/gcc-9.3.0/nvhpc-21.3-rjjnyvxif3czjq4groncoluqbhjt6g2u/Linux_x86_64/21.3/math_libs/11.2/include/ -I/opt/apps/nfs/spack/opt/spack/linux-centos8-zen2/gcc-9.3.0/nvhpc-21.3-rjjnyvxif3czjq4groncoluqbhjt6g2u/Linux_x86_64/21.3/cuda/11.2/include/ -o CMakeFiles/cmTC_c8ded.dir/CMakeCXXCompilerABI.cpp.o
Unlinking /tmp/nvc++BkodrS62aIvQ.il
Unlinking /tmp/nvc++ZkodzoWhB31_.s
Unlinking /tmp/nvc++lkodHbsRRytz.ll
Unlinking /tmp/nvc++JkodPncxa9dC.s
Unlinking /tmp/nvc++7kodX6ZS3L_X.llvm
Linking CXX executable cmTC_c8ded
/opt/apps/nfs/spack/opt/spack/linux-centos8-zen2/gcc-9.3.0/cmake-3.17.3-6oxbiqlh3iqc4dn77nufq56pdrsoqa3j/bin/cmake -E cmake_link_script CMakeFiles/cmTC_c8ded.dir/link.txt --verbose=1
/opt/apps/nfs/spack/opt/spack/linux-centos8-zen2/gcc-9.3.0/nvhpc-21.3-rjjnyvxif3czjq4groncoluqbhjt6g2u/Linux_x86_64/21.3/compilers/bin/nvc++  -mp=gpu -Minfo=mp -gpu=cc80   -mp=gpu -gpu=cc80 -v CMakeFiles/cmTC_c8ded.dir/CMakeCXXCompilerABI.cpp.o  -o cmTC_c8ded 
Export PGI_CURR_CUDA_HOME=/opt/apps/nfs/spack/opt/spack/linux-centos8-zen2/gcc-9.3.0/nvhpc-21.3-rjjnyvxif3czjq4groncoluqbhjt6g2u/Linux_x86_64/21.3/cuda/11.2
Export NVCOMPILER=/opt/apps/nfs/spack/opt/spack/linux-centos8-zen2/gcc-9.3.0/nvhpc-21.3-rjjnyvxif3czjq4groncoluqbhjt6g2u/Linux_x86_64/21.3
Export PGI=/opt/apps/nfs/spack/opt/spack/linux-centos8-zen2/gcc-9.3.0/nvhpc-21.3-rjjnyvxif3czjq4groncoluqbhjt6g2u

/opt/apps/nfs/spack/opt/spack/linux-centos8-zen2/gcc-9.3.0/nvhpc-21.3-rjjnyvxif3czjq4groncoluqbhjt6g2u/Linux_x86_64/21.3/compilers/bin/tools/acclnk -nvidia /opt/apps/nfs/spack/opt/spack/linux-centos8-zen2/gcc-9.3.0/nvhpc-21.3-rjjnyvxif3czjq4groncoluqbhjt6g2u/Linux_x86_64/21.3/compilers/bin/tools/nvdd -cuda11020 -cudaroot /opt/apps/nfs/spack/opt/spack/linux-centos8-zen2/gcc-9.3.0/nvhpc-21.3-rjjnyvxif3czjq4groncoluqbhjt6g2u/Linux_x86_64/21.3/cuda/11.2 -computecap=80 -computecap=80 -unifiedmem -init=ctxrel -v /usr/bin/ld /usr/lib64/crt1.o /usr/lib64/crti.o /opt/apps/nfs/spack/opt/spack/linux-centos8-zen2/gcc-9.3.0/nvhpc-21.3-rjjnyvxif3czjq4groncoluqbhjt6g2u/Linux_x86_64/21.3/compilers/lib/trace_init.o /usr/lib/gcc/x86_64-redhat-linux/8/crtbegin.o --eh-frame-hdr -m elf_x86_64 -dynamic-linker /lib64/ld-linux-x86-64.so.2 /opt/apps/nfs/spack/opt/spack/linux-centos8-zen2/gcc-9.3.0/nvhpc-21.3-rjjnyvxif3czjq4groncoluqbhjt6g2u/Linux_x86_64/21.3/compilers/lib/nvhpc.ld -L/opt/apps/nfs/spack/opt/spack/linux-centos8-zen2/gcc-9.3.0/nvhpc-21.3-rjjnyvxif3czjq4groncoluqbhjt6g2u/Linux_x86_64/21.3/compilers/lib -L/opt/apps/nfs/spack/opt/spack/linux-centos8-zen/gcc-8.3.1/gcc-9.3.0-yuektlndiynoevlc7qkmwudsixdokdom/lib64 -L/opt/apps/nfs/spack/opt/spack/linux-centos8-zen/gcc-8.3.1/gcc-9.3.0-yuektlndiynoevlc7qkmwudsixdokdom/lib -L/opt/apps/nfs/spack/opt/spack/linux-centos8-zen2/gcc-9.3.0/nvhpc-21.3-rjjnyvxif3czjq4groncoluqbhjt6g2u/Linux_x86_64/21.3/compilers/lib -L/usr/lib64 -L/usr/lib/gcc/x86_64-redhat-linux/8 CMakeFiles/cmTC_c8ded.dir/CMakeCXXCompilerABI.cpp.o -rpath /opt/apps/nfs/spack/opt/spack/linux-centos8-zen2/gcc-9.3.0/nvhpc-21.3-rjjnyvxif3czjq4groncoluqbhjt6g2u/Linux_x86_64/21.3/compilers/lib -rpath /opt/apps/nfs/spack/opt/spack/linux-centos8-zen2/gcc-9.3.0/nvhpc-21.3-rjjnyvxif3czjq4groncoluqbhjt6g2u/Linux_x86_64/21.3/math_libs/11.2/lib64 -rpath /opt/apps/nfs/spack/opt/spack/linux-centos8-zen2/gcc-9.3.0/nvhpc-21.3-rjjnyvxif3czjq4groncoluqbhjt6g2u/Linux_x86_64/21.3/cuda/11.2/lib64 -rpath /usr/lib/gcc/x86_64-redhat-linux/8/../../../../lib64 -o cmTC_c8ded -L/usr/lib/gcc/x86_64-redhat-linux/8/../../../../lib64 /opt/apps/nfs/spack/opt/spack/linux-centos8-zen2/gcc-9.3.0/nvhpc-21.3-rjjnyvxif3czjq4groncoluqbhjt6g2u/Linux_x86_64/21.3/compilers/lib/acc_init_link_cuda.o /opt/apps/nfs/spack/opt/spack/linux-centos8-zen2/gcc-9.3.0/nvhpc-21.3-rjjnyvxif3czjq4groncoluqbhjt6g2u/Linux_x86_64/21.3/compilers/lib/acc_init_link_mp.o -lacchost -laccdevaux -laccdevice -lhxrt_dev -ldl -lcudadevice -latomic -lnvhpcatm -lstdc++ -lnvomp -ldl --as-needed -lnvhpcatm -latomic --no-as-needed -lpthread --start-group -lnvcpumath -lnsnvc -lnvc --end-group -lm -lgcc -lc -lgcc -lgcc_s /usr/lib/gcc/x86_64-redhat-linux/8/crtend.o /usr/lib64/crtn.o
/opt/apps/nfs/spack/opt/spack/linux-centos8-zen2/gcc-9.3.0/nvhpc-21.3-rjjnyvxif3czjq4groncoluqbhjt6g2u/Linux_x86_64/21.3/compilers/bin/tools/nvdd -cudaallowundefgbls -dcuda /opt/apps/nfs/spack/opt/spack/linux-centos8-zen2/gcc-9.3.0/nvhpc-21.3-rjjnyvxif3czjq4groncoluqbhjt6g2u/Linux_x86_64/21.3/cuda/11.2 /opt/apps/nfs/spack/opt/spack/linux-centos8-zen2/gcc-9.3.0/nvhpc-21.3-rjjnyvxif3czjq4groncoluqbhjt6g2u/Linux_x86_64/21.3/compilers/lib/trace_init.o -L/opt/apps/nfs/spack/opt/spack/linux-centos8-zen2/gcc-9.3.0/nvhpc-21.3-rjjnyvxif3czjq4groncoluqbhjt6g2u/Linux_x86_64/21.3/compilers/lib -L/opt/apps/nfs/spack/opt/spack/linux-centos8-zen/gcc-8.3.1/gcc-9.3.0-yuektlndiynoevlc7qkmwudsixdokdom/lib64 -L/opt/apps/nfs/spack/opt/spack/linux-centos8-zen/gcc-8.3.1/gcc-9.3.0-yuektlndiynoevlc7qkmwudsixdokdom/lib -L/opt/apps/nfs/spack/opt/spack/linux-centos8-zen2/gcc-9.3.0/nvhpc-21.3-rjjnyvxif3czjq4groncoluqbhjt6g2u/Linux_x86_64/21.3/compilers/lib -L/usr/lib64 -L/usr/lib/gcc/x86_64-redhat-linux/8 CMakeFiles/cmTC_c8ded.dir/CMakeCXXCompilerABI.cpp.o -L/usr/lib/gcc/x86_64-redhat-linux/8/../../../../lib64 /opt/apps/nfs/spack/opt/spack/linux-centos8-zen2/gcc-9.3.0/nvhpc-21.3-rjjnyvxif3czjq4groncoluqbhjt6g2u/Linux_x86_64/21.3/compilers/lib/acc_init_link_cuda.o /opt/apps/nfs/spack/opt/spack/linux-centos8-zen2/gcc-9.3.0/nvhpc-21.3-rjjnyvxif3czjq4groncoluqbhjt6g2u/Linux_x86_64/21.3/compilers/lib/acc_init_link_mp.o -lacchost -laccdevaux -laccdevice -lhxrt_dev -ldl -lcudadevice -latomic -lnvhpcatm -lstdc++ -lnvomp -ldl -lpthread -lnvcpumath -lnsnvc -lnvc -lm -lgcc -lc -lgcc_s -dolink -cuda11020 -computecap 80 -o /tmp/pgcudadIodjdOTAji7.cubin
/opt/apps/nfs/spack/opt/spack/linux-centos8-zen2/gcc-9.3.0/nvhpc-21.3-rjjnyvxif3czjq4groncoluqbhjt6g2u/Linux_x86_64/21.3/compilers/bin/tools/nvdd -cudaallowundefgbls -dcuda /opt/apps/nfs/spack/opt/spack/linux-centos8-zen2/gcc-9.3.0/nvhpc-21.3-rjjnyvxif3czjq4groncoluqbhjt6g2u/Linux_x86_64/21.3/cuda/11.2 /opt/apps/nfs/spack/opt/spack/linux-centos8-zen2/gcc-9.3.0/nvhpc-21.3-rjjnyvxif3czjq4groncoluqbhjt6g2u/Linux_x86_64/21.3/compilers/lib/trace_init.o -L/opt/apps/nfs/spack/opt/spack/linux-centos8-zen2/gcc-9.3.0/nvhpc-21.3-rjjnyvxif3czjq4groncoluqbhjt6g2u/Linux_x86_64/21.3/compilers/lib -L/opt/apps/nfs/spack/opt/spack/linux-centos8-zen/gcc-8.3.1/gcc-9.3.0-yuektlndiynoevlc7qkmwudsixdokdom/lib64 -L/opt/apps/nfs/spack/opt/spack/linux-centos8-zen/gcc-8.3.1/gcc-9.3.0-yuektlndiynoevlc7qkmwudsixdokdom/lib -L/opt/apps/nfs/spack/opt/spack/linux-centos8-zen2/gcc-9.3.0/nvhpc-21.3-rjjnyvxif3czjq4groncoluqbhjt6g2u/Linux_x86_64/21.3/compilers/lib -L/usr/lib64 -L/usr/lib/gcc/x86_64-redhat-linux/8 CMakeFiles/cmTC_c8ded.dir/CMakeCXXCompilerABI.cpp.o -L/usr/lib/gcc/x86_64-redhat-linux/8/../../../../lib64 /opt/apps/nfs/spack/opt/spack/linux-centos8-zen2/gcc-9.3.0/nvhpc-21.3-rjjnyvxif3czjq4groncoluqbhjt6g2u/Linux_x86_64/21.3/compilers/lib/acc_init_link_cuda.o /opt/apps/nfs/spack/opt/spack/linux-centos8-zen2/gcc-9.3.0/nvhpc-21.3-rjjnyvxif3czjq4groncoluqbhjt6g2u/Linux_x86_64/21.3/compilers/lib/acc_init_link_mp.o -lacchost -laccdevaux -laccdevice -lhxrt_dev -ldl -lcudadevice -latomic -lnvhpcatm -lstdc++ -lnvomp -ldl -lpthread -lnvcpumath -lnsnvc -lnvc -lm -lgcc -lc -lgcc_s -dolink -cuda11020 -computecap 80 -o /tmp/pgcudaBIodrCiiYuPC.cubin
/opt/apps/nfs/spack/opt/spack/linux-centos8-zen2/gcc-9.3.0/nvhpc-21.3-rjjnyvxif3czjq4groncoluqbhjt6g2u/Linux_x86_64/21.3/compilers/bin/tools/nvdd -fatobj /tmp/pgcudafatZIodz_RIf7to.o -o /tmp/pgcudafatZIodz_RIf7to.o -cuda11020 -dcuda /opt/apps/nfs/spack/opt/spack/linux-centos8-zen2/gcc-9.3.0/nvhpc-21.3-rjjnyvxif3czjq4groncoluqbhjt6g2u/Linux_x86_64/21.3/cuda/11.2 -init=ctxrel -sm 80 /tmp/pgcudadIodjdOTAji7.cubin -sm 80 /tmp/pgcudaBIodrCiiYuPC.cubin
/usr/bin/ld /usr/lib64/crt1.o /usr/lib64/crti.o /tmp/pgcudafatZIodz_RIf7to.o /opt/apps/nfs/spack/opt/spack/linux-centos8-zen2/gcc-9.3.0/nvhpc-21.3-rjjnyvxif3czjq4groncoluqbhjt6g2u/Linux_x86_64/21.3/compilers/lib/trace_init.o /usr/lib/gcc/x86_64-redhat-linux/8/crtbegin.o --eh-frame-hdr -m elf_x86_64 -dynamic-linker /lib64/ld-linux-x86-64.so.2 /opt/apps/nfs/spack/opt/spack/linux-centos8-zen2/gcc-9.3.0/nvhpc-21.3-rjjnyvxif3czjq4groncoluqbhjt6g2u/Linux_x86_64/21.3/compilers/lib/nvhpc.ld -L/opt/apps/nfs/spack/opt/spack/linux-centos8-zen2/gcc-9.3.0/nvhpc-21.3-rjjnyvxif3czjq4groncoluqbhjt6g2u/Linux_x86_64/21.3/compilers/lib -L/opt/apps/nfs/spack/opt/spack/linux-centos8-zen/gcc-8.3.1/gcc-9.3.0-yuektlndiynoevlc7qkmwudsixdokdom/lib64 -L/opt/apps/nfs/spack/opt/spack/linux-centos8-zen/gcc-8.3.1/gcc-9.3.0-yuektlndiynoevlc7qkmwudsixdokdom/lib -L/opt/apps/nfs/spack/opt/spack/linux-centos8-zen2/gcc-9.3.0/nvhpc-21.3-rjjnyvxif3czjq4groncoluqbhjt6g2u/Linux_x86_64/21.3/compilers/lib -L/usr/lib64 -L/usr/lib/gcc/x86_64-redhat-linux/8 CMakeFiles/cmTC_c8ded.dir/CMakeCXXCompilerABI.cpp.o -rpath /opt/apps/nfs/spack/opt/spack/linux-centos8-zen2/gcc-9.3.0/nvhpc-21.3-rjjnyvxif3czjq4groncoluqbhjt6g2u/Linux_x86_64/21.3/compilers/lib -rpath /opt/apps/nfs/spack/opt/spack/linux-centos8-zen2/gcc-9.3.0/nvhpc-21.3-rjjnyvxif3czjq4groncoluqbhjt6g2u/Linux_x86_64/21.3/math_libs/11.2/lib64 -rpath /opt/apps/nfs/spack/opt/spack/linux-centos8-zen2/gcc-9.3.0/nvhpc-21.3-rjjnyvxif3czjq4groncoluqbhjt6g2u/Linux_x86_64/21.3/cuda/11.2/lib64 -rpath /usr/lib/gcc/x86_64-redhat-linux/8/../../../../lib64 -o cmTC_c8ded -L/usr/lib/gcc/x86_64-redhat-linux/8/../../../../lib64 /opt/apps/nfs/spack/opt/spack/linux-centos8-zen2/gcc-9.3.0/nvhpc-21.3-rjjnyvxif3czjq4groncoluqbhjt6g2u/Linux_x86_64/21.3/compilers/lib/acc_init_link_cuda.o /opt/apps/nfs/spack/opt/spack/linux-centos8-zen2/gcc-9.3.0/nvhpc-21.3-rjjnyvxif3czjq4groncoluqbhjt6g2u/Linux_x86_64/21.3/compilers/lib/acc_init_link_mp.o -lacchost -laccdevaux -laccdevice -lhxrt_dev -ldl -lcudadevice -latomic -lnvhpcatm -lstdc++ -lnvomp -ldl --as-needed -lnvhpcatm -latomic --no-as-needed -lpthread --start-group -lnvcpumath -lnsnvc -lnvc --end-group -lm -lgcc -lc -lgcc -lgcc_s /usr/lib/gcc/x86_64-redhat-linux/8/crtend.o /usr/lib64/crtn.o
unlink /tmp/pgcudafatZIodz_RIf7to.o
unlink /tmp/pgcudadIodjdOTAji7.cubin
unlink /tmp/pgcudaBIodrCiiYuPC.cubin
gmake[1]: Leaving directory '/home/mibeebe/ct/circustent_journal_performance_eval/build/CMakeFiles/CMakeTmp'



Parsed CXX implicit include dir info from above output: rv=start
  warn: unable to parse implicit include dirs!


Parsed CXX implicit link information from above output:
  link line regex: [^( *|.*[/\])(ld|CMAKE_LINK_STARTFILE-NOTFOUND|([^/\]+-)?ld|collect2)[^/\]*( |$)]
  ignore line: [Change Dir: /home/mibeebe/ct/circustent_journal_performance_eval/build/CMakeFiles/CMakeTmp]
  ignore line: []
  ignore line: [Run Build Command(s):/usr/bin/gmake cmTC_c8ded/fast && /usr/bin/gmake  -f CMakeFiles/cmTC_c8ded.dir/build.make CMakeFiles/cmTC_c8ded.dir/build]
  ignore line: [gmake[1]: Entering directory '/home/mibeebe/ct/circustent_journal_performance_eval/build/CMakeFiles/CMakeTmp']
  ignore line: [Building CXX object CMakeFiles/cmTC_c8ded.dir/CMakeCXXCompilerABI.cpp.o]
  ignore line: [/opt/apps/nfs/spack/opt/spack/linux-centos8-zen2/gcc-9.3.0/nvhpc-21.3-rjjnyvxif3czjq4groncoluqbhjt6g2u/Linux_x86_64/21.3/compilers/bin/nvc++    -mp=gpu -Minfo=mp -gpu=cc80    -v -o CMakeFiles/cmTC_c8ded.dir/CMakeCXXCompilerABI.cpp.o -c /opt/apps/nfs/spack/opt/spack/linux-centos8-zen2/gcc-9.3.0/cmake-3.17.3-6oxbiqlh3iqc4dn77nufq56pdrsoqa3j/share/cmake-3.17/Modules/CMakeCXXCompilerABI.cpp]
  ignore line: [Export PGI_CURR_CUDA_HOME=/opt/apps/nfs/spack/opt/spack/linux-centos8-zen2/gcc-9.3.0/nvhpc-21.3-rjjnyvxif3czjq4groncoluqbhjt6g2u/Linux_x86_64/21.3/cuda/11.2]
  ignore line: [Export NVCOMPILER=/opt/apps/nfs/spack/opt/spack/linux-centos8-zen2/gcc-9.3.0/nvhpc-21.3-rjjnyvxif3czjq4groncoluqbhjt6g2u/Linux_x86_64/21.3]
  ignore line: [Export PGI=/opt/apps/nfs/spack/opt/spack/linux-centos8-zen2/gcc-9.3.0/nvhpc-21.3-rjjnyvxif3czjq4groncoluqbhjt6g2u]
  ignore line: []
  ignore line: [/opt/apps/nfs/spack/opt/spack/linux-centos8-zen2/gcc-9.3.0/nvhpc-21.3-rjjnyvxif3czjq4groncoluqbhjt6g2u/Linux_x86_64/21.3/compilers/bin/tools/cpp1 --llalign -Dunix -D__unix -D__unix__ -Dlinux -D__linux -D__linux__ -D__NO_MATH_INLINES -D__LP64__ -D__x86_64 -D__x86_64__ -D__LONG_MAX__=9223372036854775807L '-D__SIZE_TYPE__=unsigned long int' '-D__PTRDIFF_TYPE__=long int' -D__amd64 -D__amd64__ -D__k8 -D__k8__ -D__MMX__ -D__SSE__ -D__SSE2__ -D__SSE3__ -D__SSSE3__ -D__SSE4A__ -D__ABM__ -D__SSE4_2__ -D__AVX__ -D__AVX2__ -D__FMA__ -D__XSAVE__ -D__POPCNT__ -D__FXSR__ -D__PGI -D__NVCOMPILER -D_GNU_SOURCE -D_PGCG_SOURCE -I- -I/opt/apps/nfs/spack/opt/spack/linux-centos8-zen2/gcc-9.3.0/nvhpc-21.3-rjjnyvxif3czjq4groncoluqbhjt6g2u/Linux_x86_64/21.3/compilers/include-gcc70 -I/opt/apps/nfs/spack/opt/spack/linux-centos8-zen2/gcc-9.3.0/nvhpc-21.3-rjjnyvxif3czjq4groncoluqbhjt6g2u/Linux_x86_64/21.3/compilers/include -I/usr/include/c++/8 -I/usr/include/c++/8/x86_64-redhat-linux -I/usr/include/c++/8/backward -I/usr/lib/gcc/x86_64-redhat-linux/8/include -I/usr/local/include -I/usr/include -I/opt/apps/nfs/spack/opt/spack/linux-centos8-zen2/gcc-9.3.0/nvhpc-21.3-rjjnyvxif3czjq4groncoluqbhjt6g2u/Linux_x86_64/21.3/compilers/include-gcc70 -I/opt/apps/nfs/spack/opt/spack/linux-centos8-zen2/gcc-9.3.0/nvhpc-21.3-rjjnyvxif3czjq4groncoluqbhjt6g2u/Linux_x86_64/21.3/compilers/include -I/usr/lib/gcc/x86_64-redhat-linux/8/include -I/usr/local/include -I/usr/include -I/opt/apps/nfs/spack/opt/spack/linux-centos8-zen2/gcc-9.3.0/nvhpc-21.3-rjjnyvxif3czjq4groncoluqbhjt6g2u/Linux_x86_64/21.3/math_libs/11.2/include -I/opt/apps/nfs/spack/opt/spack/linux-centos8-zen2/gcc-9.3.0/nvhpc-21.3-rjjnyvxif3czjq4groncoluqbhjt6g2u/Linux_x86_64/21.3/cuda/11.2/include -D__PGLLVM__ -D__NVCOMPILER_LLVM__ -D__extension__= -DPGI_TESLA_TARGET -D_PGI_HX --preinclude _cplus_preinclude.h --preinclude_macros _cplus_macros.h --gnu_version=80301 -D__pgnu_vsn=80301 --target_gpu --mp -D_OPENMP=201307 -DCUDA_VERSION=11020 -q -o /tmp/nvc++BkodrS62aIvQ.il /opt/apps/nfs/spack/opt/spack/linux-centos8-zen2/gcc-9.3.0/cmake-3.17.3-6oxbiqlh3iqc4dn77nufq56pdrsoqa3j/share/cmake-3.17/Modules/CMakeCXXCompilerABI.cpp]
  ignore line: []
  ignore line: [/opt/apps/nfs/spack/opt/spack/linux-centos8-zen2/gcc-9.3.0/nvhpc-21.3-rjjnyvxif3czjq4groncoluqbhjt6g2u/Linux_x86_64/21.3/compilers/bin/tools/cpp2 /opt/apps/nfs/spack/opt/spack/linux-centos8-zen2/gcc-9.3.0/cmake-3.17.3-6oxbiqlh3iqc4dn77nufq56pdrsoqa3j/share/cmake-3.17/Modules/CMakeCXXCompilerABI.cpp -opt 1 -x 119 0xa10000 -x 122 0x40 -x 123 0x1000 -x 127 4 -x 127 17 -x 19 0x400000 -x 28 0x40000 -x 120 0x10000000 -x 70 0x8000 -x 122 1 -x 125 0x20000 -quad -x 59 4 -tp zen -x 120 0x1000 -astype 0 -x 121 1 -fn /opt/apps/nfs/spack/opt/spack/linux-centos8-zen2/gcc-9.3.0/cmake-3.17.3-6oxbiqlh3iqc4dn77nufq56pdrsoqa3j/share/cmake-3.17/Modules/CMakeCXXCompilerABI.cpp -il /tmp/nvc++BkodrS62aIvQ.il -x 117 0x200 -x 123 0x80000000 -x 123 4 -x 119 0x20 -def __pgnu_vsn=80301 -x 70 0x40000000 -x 183 4 -x 121 0x800 -x 6 0x20000 -x 249 110 -x 120 0x200000 -x 70 0x40000000 -x 8 0x40000000 -x 164 0x800000 -x 85 0x2000 -x 85 0x4000 -x 34 0x40000000 -x 53 0x800000 -x 68 0x1 -x 39 4 -x 56 0x10 -x 26 0x10 -x 26 1 -x 56 0x4000 -accel tesla -x 180 0x4000400 -x 121 0xc00 -x 186 0x80 -x 163 0x1 -x 186 0x80000 -cudaver 11020 -x 194 0x40000 -x 176 0x100 -cudacap 80 -cudaroot /opt/apps/nfs/spack/opt/spack/linux-centos8-zen2/gcc-9.3.0/nvhpc-21.3-rjjnyvxif3czjq4groncoluqbhjt6g2u/Linux_x86_64/21.3/cuda/11.2 -x 176 0x100 -cudacap 80 -x 189 0x8000 -y 163 0xc0000000 -x 189 0x10 -y 189 0x4000000 -cudaroot /opt/apps/nfs/spack/opt/spack/linux-centos8-zen2/gcc-9.3.0/nvhpc-21.3-rjjnyvxif3czjq4groncoluqbhjt6g2u/Linux_x86_64/21.3/cuda/11.2 -x 187 0x40000 -x 187 0x8000000 -mp -x 69 0x200 -x 69 0x400 -x 69 2 -x 0 0x1000000 -x 2 0x100000 -x 0 0x2000000 -x 161 128 -x 162 128 -gnuvsn 80301 -x 69 0x200 -x 123 0x400 -x 180 0x4000000 -x 233 0x1 -x 194 0x20000000 -x 205 2 -x 233 0x100 -x 233 0x400 -cmdline '+nvc++ /tmp/nvc++BkodrS62aIvQ.il -mp=gpu -Minfo=mp -gpu=cc80 -v -o CMakeFiles/cmTC_c8ded.dir/CMakeCXXCompilerABI.cpp.o -c' -asm /tmp/nvc++lkodHbsRRytz.ll]
  ignore line: [NVC++/x86-64 Linux 21.3-0: compilation successful]
  ignore line: []
  ignore line: [/opt/apps/nfs/spack/opt/spack/linux-centos8-zen2/gcc-9.3.0/nvhpc-21.3-rjjnyvxif3czjq4groncoluqbhjt6g2u/Linux_x86_64/21.3/compilers/share/llvm/bin/llc /tmp/nvc++lkodHbsRRytz.ll -march=x86-64 -mcpu=native -O1 -fast-isel=0 -non-global-value-max-name-size=4294967295 -x86-cmov-converter=0 --frame-pointer=none -o /tmp/nvc++JkodPncxa9dC.s]
  ignore line: []
  ignore line: [/usr/bin/as /tmp/nvc++JkodPncxa9dC.s -I/opt/apps/nfs/spack/opt/spack/linux-centos8-zen2/gcc-9.3.0/nvhpc-21.3-rjjnyvxif3czjq4groncoluqbhjt6g2u/Linux_x86_64/21.3/math_libs/11.2/include/ -I/opt/apps/nfs/spack/opt/spack/linux-centos8-zen2/gcc-9.3.0/nvhpc-21.3-rjjnyvxif3czjq4groncoluqbhjt6g2u/Linux_x86_64/21.3/cuda/11.2/include/ -o CMakeFiles/cmTC_c8ded.dir/CMakeCXXCompilerABI.cpp.o]
  ignore line: [Unlinking /tmp/nvc++BkodrS62aIvQ.il]
  ignore line: [Unlinking /tmp/nvc++ZkodzoWhB31_.s]
  ignore line: [Unlinking /tmp/nvc++lkodHbsRRytz.ll]
  ignore line: [Unlinking /tmp/nvc++JkodPncxa9dC.s]
  ignore line: [Unlinking /tmp/nvc++7kodX6ZS3L_X.llvm]
  ignore line: [Linking CXX executable cmTC_c8ded]
  ignore line: [/opt/apps/nfs/spack/opt/spack/linux-centos8-zen2/gcc-9.3.0/cmake-3.17.3-6oxbiqlh3iqc4dn77nufq56pdrsoqa3j/bin/cmake -E cmake_link_script CMakeFiles/cmTC_c8ded.dir/link.txt --verbose=1]
  ignore line: [/opt/apps/nfs/spack/opt/spack/linux-centos8-zen2/gcc-9.3.0/nvhpc-21.3-rjjnyvxif3czjq4groncoluqbhjt6g2u/Linux_x86_64/21.3/compilers/bin/nvc++  -mp=gpu -Minfo=mp -gpu=cc80   -mp=gpu -gpu=cc80 -v CMakeFiles/cmTC_c8ded.dir/CMakeCXXCompilerABI.cpp.o  -o cmTC_c8ded ]
  ignore line: [Export PGI_CURR_CUDA_HOME=/opt/apps/nfs/spack/opt/spack/linux-centos8-zen2/gcc-9.3.0/nvhpc-21.3-rjjnyvxif3czjq4groncoluqbhjt6g2u/Linux_x86_64/21.3/cuda/11.2]
  ignore line: [Export NVCOMPILER=/opt/apps/nfs/spack/opt/spack/linux-centos8-zen2/gcc-9.3.0/nvhpc-21.3-rjjnyvxif3czjq4groncoluqbhjt6g2u/Linux_x86_64/21.3]
  ignore line: [Export PGI=/opt/apps/nfs/spack/opt/spack/linux-centos8-zen2/gcc-9.3.0/nvhpc-21.3-rjjnyvxif3czjq4groncoluqbhjt6g2u]
  ignore line: []
  ignore line: [/opt/apps/nfs/spack/opt/spack/linux-centos8-zen2/gcc-9.3.0/nvhpc-21.3-rjjnyvxif3czjq4groncoluqbhjt6g2u/Linux_x86_64/21.3/compilers/bin/tools/acclnk -nvidia /opt/apps/nfs/spack/opt/spack/linux-centos8-zen2/gcc-9.3.0/nvhpc-21.3-rjjnyvxif3czjq4groncoluqbhjt6g2u/Linux_x86_64/21.3/compilers/bin/tools/nvdd -cuda11020 -cudaroot /opt/apps/nfs/spack/opt/spack/linux-centos8-zen2/gcc-9.3.0/nvhpc-21.3-rjjnyvxif3czjq4groncoluqbhjt6g2u/Linux_x86_64/21.3/cuda/11.2 -computecap=80 -computecap=80 -unifiedmem -init=ctxrel -v /usr/bin/ld /usr/lib64/crt1.o /usr/lib64/crti.o /opt/apps/nfs/spack/opt/spack/linux-centos8-zen2/gcc-9.3.0/nvhpc-21.3-rjjnyvxif3czjq4groncoluqbhjt6g2u/Linux_x86_64/21.3/compilers/lib/trace_init.o /usr/lib/gcc/x86_64-redhat-linux/8/crtbegin.o --eh-frame-hdr -m elf_x86_64 -dynamic-linker /lib64/ld-linux-x86-64.so.2 /opt/apps/nfs/spack/opt/spack/linux-centos8-zen2/gcc-9.3.0/nvhpc-21.3-rjjnyvxif3czjq4groncoluqbhjt6g2u/Linux_x86_64/21.3/compilers/lib/nvhpc.ld -L/opt/apps/nfs/spack/opt/spack/linux-centos8-zen2/gcc-9.3.0/nvhpc-21.3-rjjnyvxif3czjq4groncoluqbhjt6g2u/Linux_x86_64/21.3/compilers/lib -L/opt/apps/nfs/spack/opt/spack/linux-centos8-zen/gcc-8.3.1/gcc-9.3.0-yuektlndiynoevlc7qkmwudsixdokdom/lib64 -L/opt/apps/nfs/spack/opt/spack/linux-centos8-zen/gcc-8.3.1/gcc-9.3.0-yuektlndiynoevlc7qkmwudsixdokdom/lib -L/opt/apps/nfs/spack/opt/spack/linux-centos8-zen2/gcc-9.3.0/nvhpc-21.3-rjjnyvxif3czjq4groncoluqbhjt6g2u/Linux_x86_64/21.3/compilers/lib -L/usr/lib64 -L/usr/lib/gcc/x86_64-redhat-linux/8 CMakeFiles/cmTC_c8ded.dir/CMakeCXXCompilerABI.cpp.o -rpath /opt/apps/nfs/spack/opt/spack/linux-centos8-zen2/gcc-9.3.0/nvhpc-21.3-rjjnyvxif3czjq4groncoluqbhjt6g2u/Linux_x86_64/21.3/compilers/lib -rpath /opt/apps/nfs/spack/opt/spack/linux-centos8-zen2/gcc-9.3.0/nvhpc-21.3-rjjnyvxif3czjq4groncoluqbhjt6g2u/Linux_x86_64/21.3/math_libs/11.2/lib64 -rpath /opt/apps/nfs/spack/opt/spack/linux-centos8-zen2/gcc-9.3.0/nvhpc-21.3-rjjnyvxif3czjq4groncoluqbhjt6g2u/Linux_x86_64/21.3/cuda/11.2/lib64 -rpath /usr/lib/gcc/x86_64-redhat-linux/8/../../../../lib64 -o cmTC_c8ded -L/usr/lib/gcc/x86_64-redhat-linux/8/../../../../lib64 /opt/apps/nfs/spack/opt/spack/linux-centos8-zen2/gcc-9.3.0/nvhpc-21.3-rjjnyvxif3czjq4groncoluqbhjt6g2u/Linux_x86_64/21.3/compilers/lib/acc_init_link_cuda.o /opt/apps/nfs/spack/opt/spack/linux-centos8-zen2/gcc-9.3.0/nvhpc-21.3-rjjnyvxif3czjq4groncoluqbhjt6g2u/Linux_x86_64/21.3/compilers/lib/acc_init_link_mp.o -lacchost -laccdevaux -laccdevice -lhxrt_dev -ldl -lcudadevice -latomic -lnvhpcatm -lstdc++ -lnvomp -ldl --as-needed -lnvhpcatm -latomic --no-as-needed -lpthread --start-group -lnvcpumath -lnsnvc -lnvc --end-group -lm -lgcc -lc -lgcc -lgcc_s /usr/lib/gcc/x86_64-redhat-linux/8/crtend.o /usr/lib64/crtn.o]
  ignore line: [/opt/apps/nfs/spack/opt/spack/linux-centos8-zen2/gcc-9.3.0/nvhpc-21.3-rjjnyvxif3czjq4groncoluqbhjt6g2u/Linux_x86_64/21.3/compilers/bin/tools/nvdd -cudaallowundefgbls -dcuda /opt/apps/nfs/spack/opt/spack/linux-centos8-zen2/gcc-9.3.0/nvhpc-21.3-rjjnyvxif3czjq4groncoluqbhjt6g2u/Linux_x86_64/21.3/cuda/11.2 /opt/apps/nfs/spack/opt/spack/linux-centos8-zen2/gcc-9.3.0/nvhpc-21.3-rjjnyvxif3czjq4groncoluqbhjt6g2u/Linux_x86_64/21.3/compilers/lib/trace_init.o -L/opt/apps/nfs/spack/opt/spack/linux-centos8-zen2/gcc-9.3.0/nvhpc-21.3-rjjnyvxif3czjq4groncoluqbhjt6g2u/Linux_x86_64/21.3/compilers/lib -L/opt/apps/nfs/spack/opt/spack/linux-centos8-zen/gcc-8.3.1/gcc-9.3.0-yuektlndiynoevlc7qkmwudsixdokdom/lib64 -L/opt/apps/nfs/spack/opt/spack/linux-centos8-zen/gcc-8.3.1/gcc-9.3.0-yuektlndiynoevlc7qkmwudsixdokdom/lib -L/opt/apps/nfs/spack/opt/spack/linux-centos8-zen2/gcc-9.3.0/nvhpc-21.3-rjjnyvxif3czjq4groncoluqbhjt6g2u/Linux_x86_64/21.3/compilers/lib -L/usr/lib64 -L/usr/lib/gcc/x86_64-redhat-linux/8 CMakeFiles/cmTC_c8ded.dir/CMakeCXXCompilerABI.cpp.o -L/usr/lib/gcc/x86_64-redhat-linux/8/../../../../lib64 /opt/apps/nfs/spack/opt/spack/linux-centos8-zen2/gcc-9.3.0/nvhpc-21.3-rjjnyvxif3czjq4groncoluqbhjt6g2u/Linux_x86_64/21.3/compilers/lib/acc_init_link_cuda.o /opt/apps/nfs/spack/opt/spack/linux-centos8-zen2/gcc-9.3.0/nvhpc-21.3-rjjnyvxif3czjq4groncoluqbhjt6g2u/Linux_x86_64/21.3/compilers/lib/acc_init_link_mp.o -lacchost -laccdevaux -laccdevice -lhxrt_dev -ldl -lcudadevice -latomic -lnvhpcatm -lstdc++ -lnvomp -ldl -lpthread -lnvcpumath -lnsnvc -lnvc -lm -lgcc -lc -lgcc_s -dolink -cuda11020 -computecap 80 -o /tmp/pgcudadIodjdOTAji7.cubin]
  ignore line: [/opt/apps/nfs/spack/opt/spack/linux-centos8-zen2/gcc-9.3.0/nvhpc-21.3-rjjnyvxif3czjq4groncoluqbhjt6g2u/Linux_x86_64/21.3/compilers/bin/tools/nvdd -cudaallowundefgbls -dcuda /opt/apps/nfs/spack/opt/spack/linux-centos8-zen2/gcc-9.3.0/nvhpc-21.3-rjjnyvxif3czjq4groncoluqbhjt6g2u/Linux_x86_64/21.3/cuda/11.2 /opt/apps/nfs/spack/opt/spack/linux-centos8-zen2/gcc-9.3.0/nvhpc-21.3-rjjnyvxif3czjq4groncoluqbhjt6g2u/Linux_x86_64/21.3/compilers/lib/trace_init.o -L/opt/apps/nfs/spack/opt/spack/linux-centos8-zen2/gcc-9.3.0/nvhpc-21.3-rjjnyvxif3czjq4groncoluqbhjt6g2u/Linux_x86_64/21.3/compilers/lib -L/opt/apps/nfs/spack/opt/spack/linux-centos8-zen/gcc-8.3.1/gcc-9.3.0-yuektlndiynoevlc7qkmwudsixdokdom/lib64 -L/opt/apps/nfs/spack/opt/spack/linux-centos8-zen/gcc-8.3.1/gcc-9.3.0-yuektlndiynoevlc7qkmwudsixdokdom/lib -L/opt/apps/nfs/spack/opt/spack/linux-centos8-zen2/gcc-9.3.0/nvhpc-21.3-rjjnyvxif3czjq4groncoluqbhjt6g2u/Linux_x86_64/21.3/compilers/lib -L/usr/lib64 -L/usr/lib/gcc/x86_64-redhat-linux/8 CMakeFiles/cmTC_c8ded.dir/CMakeCXXCompilerABI.cpp.o -L/usr/lib/gcc/x86_64-redhat-linux/8/../../../../lib64 /opt/apps/nfs/spack/opt/spack/linux-centos8-zen2/gcc-9.3.0/nvhpc-21.3-rjjnyvxif3czjq4groncoluqbhjt6g2u/Linux_x86_64/21.3/compilers/lib/acc_init_link_cuda.o /opt/apps/nfs/spack/opt/spack/linux-centos8-zen2/gcc-9.3.0/nvhpc-21.3-rjjnyvxif3czjq4groncoluqbhjt6g2u/Linux_x86_64/21.3/compilers/lib/acc_init_link_mp.o -lacchost -laccdevaux -laccdevice -lhxrt_dev -ldl -lcudadevice -latomic -lnvhpcatm -lstdc++ -lnvomp -ldl -lpthread -lnvcpumath -lnsnvc -lnvc -lm -lgcc -lc -lgcc_s -dolink -cuda11020 -computecap 80 -o /tmp/pgcudaBIodrCiiYuPC.cubin]
  ignore line: [/opt/apps/nfs/spack/opt/spack/linux-centos8-zen2/gcc-9.3.0/nvhpc-21.3-rjjnyvxif3czjq4groncoluqbhjt6g2u/Linux_x86_64/21.3/compilers/bin/tools/nvdd -fatobj /tmp/pgcudafatZIodz_RIf7to.o -o /tmp/pgcudafatZIodz_RIf7to.o -cuda11020 -dcuda /opt/apps/nfs/spack/opt/spack/linux-centos8-zen2/gcc-9.3.0/nvhpc-21.3-rjjnyvxif3czjq4groncoluqbhjt6g2u/Linux_x86_64/21.3/cuda/11.2 -init=ctxrel -sm 80 /tmp/pgcudadIodjdOTAji7.cubin -sm 80 /tmp/pgcudaBIodrCiiYuPC.cubin]
  link line: [/usr/bin/ld /usr/lib64/crt1.o /usr/lib64/crti.o /tmp/pgcudafatZIodz_RIf7to.o /opt/apps/nfs/spack/opt/spack/linux-centos8-zen2/gcc-9.3.0/nvhpc-21.3-rjjnyvxif3czjq4groncoluqbhjt6g2u/Linux_x86_64/21.3/compilers/lib/trace_init.o /usr/lib/gcc/x86_64-redhat-linux/8/crtbegin.o --eh-frame-hdr -m elf_x86_64 -dynamic-linker /lib64/ld-linux-x86-64.so.2 /opt/apps/nfs/spack/opt/spack/linux-centos8-zen2/gcc-9.3.0/nvhpc-21.3-rjjnyvxif3czjq4groncoluqbhjt6g2u/Linux_x86_64/21.3/compilers/lib/nvhpc.ld -L/opt/apps/nfs/spack/opt/spack/linux-centos8-zen2/gcc-9.3.0/nvhpc-21.3-rjjnyvxif3czjq4groncoluqbhjt6g2u/Linux_x86_64/21.3/compilers/lib -L/opt/apps/nfs/spack/opt/spack/linux-centos8-zen/gcc-8.3.1/gcc-9.3.0-yuektlndiynoevlc7qkmwudsixdokdom/lib64 -L/opt/apps/nfs/spack/opt/spack/linux-centos8-zen/gcc-8.3.1/gcc-9.3.0-yuektlndiynoevlc7qkmwudsixdokdom/lib -L/opt/apps/nfs/spack/opt/spack/linux-centos8-zen2/gcc-9.3.0/nvhpc-21.3-rjjnyvxif3czjq4groncoluqbhjt6g2u/Linux_x86_64/21.3/compilers/lib -L/usr/lib64 -L/usr/lib/gcc/x86_64-redhat-linux/8 CMakeFiles/cmTC_c8ded.dir/CMakeCXXCompilerABI.cpp.o -rpath /opt/apps/nfs/spack/opt/spack/linux-centos8-zen2/gcc-9.3.0/nvhpc-21.3-rjjnyvxif3czjq4groncoluqbhjt6g2u/Linux_x86_64/21.3/compilers/lib -rpath /opt/apps/nfs/spack/opt/spack/linux-centos8-zen2/gcc-9.3.0/nvhpc-21.3-rjjnyvxif3czjq4groncoluqbhjt6g2u/Linux_x86_64/21.3/math_libs/11.2/lib64 -rpath /opt/apps/nfs/spack/opt/spack/linux-centos8-zen2/gcc-9.3.0/nvhpc-21.3-rjjnyvxif3czjq4groncoluqbhjt6g2u/Linux_x86_64/21.3/cuda/11.2/lib64 -rpath /usr/lib/gcc/x86_64-redhat-linux/8/../../../../lib64 -o cmTC_c8ded -L/usr/lib/gcc/x86_64-redhat-linux/8/../../../../lib64 /opt/apps/nfs/spack/opt/spack/linux-centos8-zen2/gcc-9.3.0/nvhpc-21.3-rjjnyvxif3czjq4groncoluqbhjt6g2u/Linux_x86_64/21.3/compilers/lib/acc_init_link_cuda.o /opt/apps/nfs/spack/opt/spack/linux-centos8-zen2/gcc-9.3.0/nvhpc-21.3-rjjnyvxif3czjq4groncoluqbhjt6g2u/Linux_x86_64/21.3/compilers/lib/acc_init_link_mp.o -lacchost -laccdevaux -laccdevice -lhxrt_dev -ldl -lcudadevice -latomic -lnvhpcatm -lstdc++ -lnvomp -ldl --as-needed -lnvhpcatm -latomic --no-as-needed -lpthread --start-group -lnvcpumath -lnsnvc -lnvc --end-group -lm -lgcc -lc -lgcc -lgcc_s /usr/lib/gcc/x86_64-redhat-linux/8/crtend.o /usr/lib64/crtn.o]
    arg [/usr/bin/ld] ==> ignore
    arg [/usr/lib64/crt1.o] ==> ignore
    arg [/usr/lib64/crti.o] ==> ignore
    arg [/tmp/pgcudafatZIodz_RIf7to.o] ==> ignore
    arg [/opt/apps/nfs/spack/opt/spack/linux-centos8-zen2/gcc-9.3.0/nvhpc-21.3-rjjnyvxif3czjq4groncoluqbhjt6g2u/Linux_x86_64/21.3/compilers/lib/trace_init.o] ==> ignore
    arg [/usr/lib/gcc/x86_64-redhat-linux/8/crtbegin.o] ==> ignore
    arg [--eh-frame-hdr] ==> ignore
    arg [-m] ==> ignore
    arg [elf_x86_64] ==> ignore
    arg [-dynamic-linker] ==> ignore
    arg [/lib64/ld-linux-x86-64.so.2] ==> ignore
    arg [/opt/apps/nfs/spack/opt/spack/linux-centos8-zen2/gcc-9.3.0/nvhpc-21.3-rjjnyvxif3czjq4groncoluqbhjt6g2u/Linux_x86_64/21.3/compilers/lib/nvhpc.ld] ==> ignore
    arg [-L/opt/apps/nfs/spack/opt/spack/linux-centos8-zen2/gcc-9.3.0/nvhpc-21.3-rjjnyvxif3czjq4groncoluqbhjt6g2u/Linux_x86_64/21.3/compilers/lib] ==> dir [/opt/apps/nfs/spack/opt/spack/linux-centos8-zen2/gcc-9.3.0/nvhpc-21.3-rjjnyvxif3czjq4groncoluqbhjt6g2u/Linux_x86_64/21.3/compilers/lib]
    arg [-L/opt/apps/nfs/spack/opt/spack/linux-centos8-zen/gcc-8.3.1/gcc-9.3.0-yuektlndiynoevlc7qkmwudsixdokdom/lib64] ==> dir [/opt/apps/nfs/spack/opt/spack/linux-centos8-zen/gcc-8.3.1/gcc-9.3.0-yuektlndiynoevlc7qkmwudsixdokdom/lib64]
    arg [-L/opt/apps/nfs/spack/opt/spack/linux-centos8-zen/gcc-8.3.1/gcc-9.3.0-yuektlndiynoevlc7qkmwudsixdokdom/lib] ==> dir [/opt/apps/nfs/spack/opt/spack/linux-centos8-zen/gcc-8.3.1/gcc-9.3.0-yuektlndiynoevlc7qkmwudsixdokdom/lib]
    arg [-L/opt/apps/nfs/spack/opt/spack/linux-centos8-zen2/gcc-9.3.0/nvhpc-21.3-rjjnyvxif3czjq4groncoluqbhjt6g2u/Linux_x86_64/21.3/compilers/lib] ==> dir [/opt/apps/nfs/spack/opt/spack/linux-centos8-zen2/gcc-9.3.0/nvhpc-21.3-rjjnyvxif3czjq4groncoluqbhjt6g2u/Linux_x86_64/21.3/compilers/lib]
    arg [-L/usr/lib64] ==> dir [/usr/lib64]
    arg [-L/usr/lib/gcc/x86_64-redhat-linux/8] ==> dir [/usr/lib/gcc/x86_64-redhat-linux/8]
    arg [CMakeFiles/cmTC_c8ded.dir/CMakeCXXCompilerABI.cpp.o] ==> ignore
    arg [-rpath] ==> ignore
    arg [/opt/apps/nfs/spack/opt/spack/linux-centos8-zen2/gcc-9.3.0/nvhpc-21.3-rjjnyvxif3czjq4groncoluqbhjt6g2u/Linux_x86_64/21.3/compilers/lib] ==> ignore
    arg [-rpath] ==> ignore
    arg [/opt/apps/nfs/spack/opt/spack/linux-centos8-zen2/gcc-9.3.0/nvhpc-21.3-rjjnyvxif3czjq4groncoluqbhjt6g2u/Linux_x86_64/21.3/math_libs/11.2/lib64] ==> ignore
    arg [-rpath] ==> ignore
    arg [/opt/apps/nfs/spack/opt/spack/linux-centos8-zen2/gcc-9.3.0/nvhpc-21.3-rjjnyvxif3czjq4groncoluqbhjt6g2u/Linux_x86_64/21.3/cuda/11.2/lib64] ==> ignore
    arg [-rpath] ==> ignore
    arg [/usr/lib/gcc/x86_64-redhat-linux/8/../../../../lib64] ==> ignore
    arg [-o] ==> ignore
    arg [cmTC_c8ded] ==> ignore
    arg [-L/usr/lib/gcc/x86_64-redhat-linux/8/../../../../lib64] ==> dir [/usr/lib/gcc/x86_64-redhat-linux/8/../../../../lib64]
    arg [/opt/apps/nfs/spack/opt/spack/linux-centos8-zen2/gcc-9.3.0/nvhpc-21.3-rjjnyvxif3czjq4groncoluqbhjt6g2u/Linux_x86_64/21.3/compilers/lib/acc_init_link_cuda.o] ==> ignore
    arg [/opt/apps/nfs/spack/opt/spack/linux-centos8-zen2/gcc-9.3.0/nvhpc-21.3-rjjnyvxif3czjq4groncoluqbhjt6g2u/Linux_x86_64/21.3/compilers/lib/acc_init_link_mp.o] ==> ignore
    arg [-lacchost] ==> lib [acchost]
    arg [-laccdevaux] ==> lib [accdevaux]
    arg [-laccdevice] ==> lib [accdevice]
    arg [-lhxrt_dev] ==> lib [hxrt_dev]
    arg [-ldl] ==> lib [dl]
    arg [-lcudadevice] ==> lib [cudadevice]
    arg [-latomic] ==> lib [atomic]
    arg [-lnvhpcatm] ==> lib [nvhpcatm]
    arg [-lstdc++] ==> lib [stdc++]
    arg [-lnvomp] ==> lib [nvomp]
    arg [-ldl] ==> lib [dl]
    arg [--as-needed] ==> ignore
    arg [-lnvhpcatm] ==> lib [nvhpcatm]
    arg [-latomic] ==> lib [atomic]
    arg [--no-as-needed] ==> ignore
    arg [-lpthread] ==> lib [pthread]
    arg [--start-group] ==> ignore
    arg [-lnvcpumath] ==> lib [nvcpumath]
    arg [-lnsnvc] ==> lib [nsnvc]
    arg [-lnvc] ==> lib [nvc]
    arg [--end-group] ==> ignore
    arg [-lm] ==> lib [m]
    arg [-lgcc] ==> lib [gcc]
    arg [-lc] ==> lib [c]
    arg [-lgcc] ==> lib [gcc]
    arg [-lgcc_s] ==> lib [gcc_s]
    arg [/usr/lib/gcc/x86_64-redhat-linux/8/crtend.o] ==> ignore
    arg [/usr/lib64/crtn.o] ==> ignore
  collapse library dir [/opt/apps/nfs/spack/opt/spack/linux-centos8-zen2/gcc-9.3.0/nvhpc-21.3-rjjnyvxif3czjq4groncoluqbhjt6g2u/Linux_x86_64/21.3/compilers/lib] ==> [/opt/apps/nfs/spack/opt/spack/linux-centos8-zen2/gcc-9.3.0/nvhpc-21.3-rjjnyvxif3czjq4groncoluqbhjt6g2u/Linux_x86_64/21.3/compilers/lib]
  collapse library dir [/opt/apps/nfs/spack/opt/spack/linux-centos8-zen/gcc-8.3.1/gcc-9.3.0-yuektlndiynoevlc7qkmwudsixdokdom/lib64] ==> [/opt/apps/nfs/spack/opt/spack/linux-centos8-zen/gcc-8.3.1/gcc-9.3.0-yuektlndiynoevlc7qkmwudsixdokdom/lib64]
  collapse library dir [/opt/apps/nfs/spack/opt/spack/linux-centos8-zen/gcc-8.3.1/gcc-9.3.0-yuektlndiynoevlc7qkmwudsixdokdom/lib] ==> [/opt/apps/nfs/spack/opt/spack/linux-centos8-zen/gcc-8.3.1/gcc-9.3.0-yuektlndiynoevlc7qkmwudsixdokdom/lib]
  collapse library dir [/opt/apps/nfs/spack/opt/spack/linux-centos8-zen2/gcc-9.3.0/nvhpc-21.3-rjjnyvxif3czjq4groncoluqbhjt6g2u/Linux_x86_64/21.3/compilers/lib] ==> [/opt/apps/nfs/spack/opt/spack/linux-centos8-zen2/gcc-9.3.0/nvhpc-21.3-rjjnyvxif3czjq4groncoluqbhjt6g2u/Linux_x86_64/21.3/compilers/lib]
  collapse library dir [/usr/lib64] ==> [/usr/lib64]
  collapse library dir [/usr/lib/gcc/x86_64-redhat-linux/8] ==> [/usr/lib/gcc/x86_64-redhat-linux/8]
  collapse library dir [/usr/lib/gcc/x86_64-redhat-linux/8/../../../../lib64] ==> [/usr/lib64]
  implicit libs: [acchost;accdevaux;accdevice;hxrt_dev;dl;cudadevice;atomic;nvhpcatm;stdc++;nvomp;dl;nvhpcatm;atomic;pthread;nvcpumath;nsnvc;nvc;m;gcc;c;gcc;gcc_s]
  implicit dirs: [/opt/apps/nfs/spack/opt/spack/linux-centos8-zen2/gcc-9.3.0/nvhpc-21.3-rjjnyvxif3czjq4groncoluqbhjt6g2u/Linux_x86_64/21.3/compilers/lib;/opt/apps/nfs/spack/opt/spack/linux-centos8-zen/gcc-8.3.1/gcc-9.3.0-yuektlndiynoevlc7qkmwudsixdokdom/lib64;/opt/apps/nfs/spack/opt/spack/linux-centos8-zen/gcc-8.3.1/gcc-9.3.0-yuektlndiynoevlc7qkmwudsixdokdom/lib;/usr/lib64;/usr/lib/gcc/x86_64-redhat-linux/8]
  implicit fwks: []


